  [1m[36mActiveRecord::SchemaMigration Load (22.0ms)[0m  [1mSELECT "schema_migrations".* FROM "schema_migrations"[0m
Migrating to CreateAccounts (20160209123710)
  [1m[35m (0.4ms)[0m  BEGIN
  [1m[36m (320.1ms)[0m  [1mCREATE TABLE "accounts" ("id" serial primary key, "name" character varying, "created_at" timestamp NOT NULL, "updated_at" timestamp NOT NULL) [0m
  [1m[35mSQL (0.6ms)[0m  INSERT INTO "schema_migrations" ("version") VALUES ($1)  [["version", "20160209123710"]]
  [1m[36m (23.9ms)[0m  [1mCOMMIT[0m
  [1m[35mActiveRecord::SchemaMigration Load (0.6ms)[0m  SELECT "schema_migrations".* FROM "schema_migrations"
  [1m[36m (5.4ms)[0m  [1mSELECT t2.oid::regclass::text AS to_table, a1.attname AS column, a2.attname AS primary_key, c.conname AS name, c.confupdtype AS on_update, c.confdeltype AS on_delete
FROM pg_constraint c
JOIN pg_class t1 ON c.conrelid = t1.oid
JOIN pg_class t2 ON c.confrelid = t2.oid
JOIN pg_attribute a1 ON a1.attnum = c.conkey[1] AND a1.attrelid = t1.oid
JOIN pg_attribute a2 ON a2.attnum = c.confkey[1] AND a2.attrelid = t2.oid
JOIN pg_namespace t3 ON c.connamespace = t3.oid
WHERE c.contype = 'f'
  AND t1.relname = 'accounts'
  AND t3.nspname = ANY (current_schemas(false))
ORDER BY c.conname
[0m
  [1m[35m (4.8ms)[0m  SELECT t2.oid::regclass::text AS to_table, a1.attname AS column, a2.attname AS primary_key, c.conname AS name, c.confupdtype AS on_update, c.confdeltype AS on_delete
FROM pg_constraint c
JOIN pg_class t1 ON c.conrelid = t1.oid
JOIN pg_class t2 ON c.confrelid = t2.oid
JOIN pg_attribute a1 ON a1.attnum = c.conkey[1] AND a1.attrelid = t1.oid
JOIN pg_attribute a2 ON a2.attnum = c.confkey[1] AND a2.attrelid = t2.oid
JOIN pg_namespace t3 ON c.connamespace = t3.oid
WHERE c.contype = 'f'
  AND t1.relname = 'articles'
  AND t3.nspname = ANY (current_schemas(false))
ORDER BY c.conname

  [1m[36m (4.1ms)[0m  [1mSELECT t2.oid::regclass::text AS to_table, a1.attname AS column, a2.attname AS primary_key, c.conname AS name, c.confupdtype AS on_update, c.confdeltype AS on_delete
FROM pg_constraint c
JOIN pg_class t1 ON c.conrelid = t1.oid
JOIN pg_class t2 ON c.confrelid = t2.oid
JOIN pg_attribute a1 ON a1.attnum = c.conkey[1] AND a1.attrelid = t1.oid
JOIN pg_attribute a2 ON a2.attnum = c.confkey[1] AND a2.attrelid = t2.oid
JOIN pg_namespace t3 ON c.connamespace = t3.oid
WHERE c.contype = 'f'
  AND t1.relname = 'blogs'
  AND t3.nspname = ANY (current_schemas(false))
ORDER BY c.conname
[0m


Started GET "/" for 127.0.0.1 at 2016-02-09 18:09:41 +0530

Gem::LoadError (Specified 'postgresql' for database adapter, but the gem is not loaded. Add `gem 'pg'` to your Gemfile (and ensure its version is at the minimum required by ActiveRecord).):
  activerecord (4.2.1) lib/active_record/connection_adapters/connection_specification.rb:177:in `rescue in spec'
  activerecord (4.2.1) lib/active_record/connection_adapters/connection_specification.rb:174:in `spec'
  activerecord (4.2.1) lib/active_record/connection_handling.rb:50:in `establish_connection'
  activerecord (4.2.1) lib/active_record/railtie.rb:120:in `block (2 levels) in <class:Railtie>'
  activesupport (4.2.1) lib/active_support/lazy_load_hooks.rb:38:in `instance_eval'
  activesupport (4.2.1) lib/active_support/lazy_load_hooks.rb:38:in `execute_hook'
  activesupport (4.2.1) lib/active_support/lazy_load_hooks.rb:45:in `block in run_load_hooks'
  activesupport (4.2.1) lib/active_support/lazy_load_hooks.rb:44:in `each'
  activesupport (4.2.1) lib/active_support/lazy_load_hooks.rb:44:in `run_load_hooks'
  activerecord (4.2.1) lib/active_record/base.rb:316:in `<module:ActiveRecord>'
  activerecord (4.2.1) lib/active_record/base.rb:26:in `<top (required)>'
  activerecord (4.2.1) lib/active_record/migration.rb:384:in `connection'
  activerecord (4.2.1) lib/active_record/migration.rb:371:in `call'
  actionpack (4.2.1) lib/action_dispatch/middleware/callbacks.rb:29:in `block in call'
  activesupport (4.2.1) lib/active_support/callbacks.rb:88:in `call'
  activesupport (4.2.1) lib/active_support/callbacks.rb:88:in `_run_callbacks'
  activesupport (4.2.1) lib/active_support/callbacks.rb:776:in `_run_call_callbacks'
  activesupport (4.2.1) lib/active_support/callbacks.rb:81:in `run_callbacks'
  actionpack (4.2.1) lib/action_dispatch/middleware/callbacks.rb:27:in `call'
  actionpack (4.2.1) lib/action_dispatch/middleware/reloader.rb:73:in `call'
  actionpack (4.2.1) lib/action_dispatch/middleware/remote_ip.rb:78:in `call'
  actionpack (4.2.1) lib/action_dispatch/middleware/debug_exceptions.rb:17:in `call'
  web-console (2.3.0) lib/web_console/middleware.rb:28:in `block in call'
  web-console (2.3.0) lib/web_console/middleware.rb:18:in `catch'
  web-console (2.3.0) lib/web_console/middleware.rb:18:in `call'
  actionpack (4.2.1) lib/action_dispatch/middleware/show_exceptions.rb:30:in `call'
  railties (4.2.1) lib/rails/rack/logger.rb:38:in `call_app'
  railties (4.2.1) lib/rails/rack/logger.rb:20:in `block in call'
  activesupport (4.2.1) lib/active_support/tagged_logging.rb:68:in `block in tagged'
  activesupport (4.2.1) lib/active_support/tagged_logging.rb:26:in `tagged'
  activesupport (4.2.1) lib/active_support/tagged_logging.rb:68:in `tagged'
  railties (4.2.1) lib/rails/rack/logger.rb:20:in `call'
  actionpack (4.2.1) lib/action_dispatch/middleware/request_id.rb:21:in `call'
  rack (1.6.4) lib/rack/methodoverride.rb:22:in `call'
  rack (1.6.4) lib/rack/runtime.rb:18:in `call'
  activesupport (4.2.1) lib/active_support/cache/strategy/local_cache_middleware.rb:28:in `call'
  rack (1.6.4) lib/rack/lock.rb:17:in `call'
  actionpack (4.2.1) lib/action_dispatch/middleware/static.rb:113:in `call'
  rack (1.6.4) lib/rack/sendfile.rb:113:in `call'
  railties (4.2.1) lib/rails/engine.rb:518:in `call'
  railties (4.2.1) lib/rails/application.rb:164:in `call'
  rack (1.6.4) lib/rack/lock.rb:17:in `call'
  rack (1.6.4) lib/rack/content_length.rb:15:in `call'
  rack (1.6.4) lib/rack/handler/webrick.rb:88:in `service'
  /home/venkat/.rvm/rubies/ruby-2.2.2/lib/ruby/2.2.0/webrick/httpserver.rb:138:in `service'
  /home/venkat/.rvm/rubies/ruby-2.2.2/lib/ruby/2.2.0/webrick/httpserver.rb:94:in `run'
  /home/venkat/.rvm/rubies/ruby-2.2.2/lib/ruby/2.2.0/webrick/server.rb:294:in `block in start_thread'


  Rendered /home/venkat/.rvm/gems/ruby-2.2.2@MurabahaClub/gems/actionpack-4.2.1/lib/action_dispatch/middleware/templates/rescues/_source.erb (5.2ms)
  Rendered /home/venkat/.rvm/gems/ruby-2.2.2@MurabahaClub/gems/actionpack-4.2.1/lib/action_dispatch/middleware/templates/rescues/_trace.html.erb (2.6ms)
  Rendered /home/venkat/.rvm/gems/ruby-2.2.2@MurabahaClub/gems/actionpack-4.2.1/lib/action_dispatch/middleware/templates/rescues/_request_and_response.html.erb (1.3ms)
  Rendered /home/venkat/.rvm/gems/ruby-2.2.2@MurabahaClub/gems/actionpack-4.2.1/lib/action_dispatch/middleware/templates/rescues/diagnostics.html.erb within rescues/layout (34.5ms)
  Rendered /home/venkat/.rvm/gems/ruby-2.2.2@MurabahaClub/gems/web-console-2.3.0/lib/web_console/templates/_markup.html.erb (0.6ms)
  Rendered /home/venkat/.rvm/gems/ruby-2.2.2@MurabahaClub/gems/web-console-2.3.0/lib/web_console/templates/_inner_console_markup.html.erb within layouts/inlined_string (0.4ms)
  Rendered /home/venkat/.rvm/gems/ruby-2.2.2@MurabahaClub/gems/web-console-2.3.0/lib/web_console/templates/_prompt_box_markup.html.erb within layouts/inlined_string (0.4ms)
  Rendered /home/venkat/.rvm/gems/ruby-2.2.2@MurabahaClub/gems/web-console-2.3.0/lib/web_console/templates/style.css.erb within layouts/inlined_string (0.5ms)
  Rendered /home/venkat/.rvm/gems/ruby-2.2.2@MurabahaClub/gems/web-console-2.3.0/lib/web_console/templates/console.js.erb within layouts/javascript (87.0ms)
  Rendered /home/venkat/.rvm/gems/ruby-2.2.2@MurabahaClub/gems/web-console-2.3.0/lib/web_console/templates/main.js.erb within layouts/javascript (0.4ms)
  Rendered /home/venkat/.rvm/gems/ruby-2.2.2@MurabahaClub/gems/web-console-2.3.0/lib/web_console/templates/error_page.js.erb within layouts/javascript (0.5ms)
  Rendered /home/venkat/.rvm/gems/ruby-2.2.2@MurabahaClub/gems/web-console-2.3.0/lib/web_console/templates/index.html.erb (147.5ms)
  [1m[36mActiveRecord::SchemaMigration Load (0.8ms)[0m  [1mSELECT "schema_migrations".* FROM "schema_migrations"[0m
  [1m[35mActiveRecord::SchemaMigration Load (0.4ms)[0m  SELECT "schema_migrations".* FROM "schema_migrations"
  [1m[36m (6.0ms)[0m  [1mSELECT t2.oid::regclass::text AS to_table, a1.attname AS column, a2.attname AS primary_key, c.conname AS name, c.confupdtype AS on_update, c.confdeltype AS on_delete
FROM pg_constraint c
JOIN pg_class t1 ON c.conrelid = t1.oid
JOIN pg_class t2 ON c.confrelid = t2.oid
JOIN pg_attribute a1 ON a1.attnum = c.conkey[1] AND a1.attrelid = t1.oid
JOIN pg_attribute a2 ON a2.attnum = c.confkey[1] AND a2.attrelid = t2.oid
JOIN pg_namespace t3 ON c.connamespace = t3.oid
WHERE c.contype = 'f'
  AND t1.relname = 'accounts'
  AND t3.nspname = ANY (current_schemas(false))
ORDER BY c.conname
[0m
  [1m[35m (5.6ms)[0m  SELECT t2.oid::regclass::text AS to_table, a1.attname AS column, a2.attname AS primary_key, c.conname AS name, c.confupdtype AS on_update, c.confdeltype AS on_delete
FROM pg_constraint c
JOIN pg_class t1 ON c.conrelid = t1.oid
JOIN pg_class t2 ON c.confrelid = t2.oid
JOIN pg_attribute a1 ON a1.attnum = c.conkey[1] AND a1.attrelid = t1.oid
JOIN pg_attribute a2 ON a2.attnum = c.confkey[1] AND a2.attrelid = t2.oid
JOIN pg_namespace t3 ON c.connamespace = t3.oid
WHERE c.contype = 'f'
  AND t1.relname = 'articles'
  AND t3.nspname = ANY (current_schemas(false))
ORDER BY c.conname

  [1m[36m (2.8ms)[0m  [1mSELECT t2.oid::regclass::text AS to_table, a1.attname AS column, a2.attname AS primary_key, c.conname AS name, c.confupdtype AS on_update, c.confdeltype AS on_delete
FROM pg_constraint c
JOIN pg_class t1 ON c.conrelid = t1.oid
JOIN pg_class t2 ON c.confrelid = t2.oid
JOIN pg_attribute a1 ON a1.attnum = c.conkey[1] AND a1.attrelid = t1.oid
JOIN pg_attribute a2 ON a2.attnum = c.confkey[1] AND a2.attrelid = t2.oid
JOIN pg_namespace t3 ON c.connamespace = t3.oid
WHERE c.contype = 'f'
  AND t1.relname = 'blogs'
  AND t3.nspname = ANY (current_schemas(false))
ORDER BY c.conname
[0m


Started GET "/" for 127.0.0.1 at 2016-02-09 18:10:00 +0530

Gem::LoadError (Specified 'postgresql' for database adapter, but the gem is not loaded. Add `gem 'pg'` to your Gemfile (and ensure its version is at the minimum required by ActiveRecord).):
  activerecord (4.2.1) lib/active_record/connection_adapters/connection_specification.rb:177:in `rescue in spec'
  activerecord (4.2.1) lib/active_record/connection_adapters/connection_specification.rb:174:in `spec'
  activerecord (4.2.1) lib/active_record/connection_handling.rb:50:in `establish_connection'
  activerecord (4.2.1) lib/active_record/railtie.rb:120:in `block (2 levels) in <class:Railtie>'
  activesupport (4.2.1) lib/active_support/lazy_load_hooks.rb:38:in `instance_eval'
  activesupport (4.2.1) lib/active_support/lazy_load_hooks.rb:38:in `execute_hook'
  activesupport (4.2.1) lib/active_support/lazy_load_hooks.rb:45:in `block in run_load_hooks'
  activesupport (4.2.1) lib/active_support/lazy_load_hooks.rb:44:in `each'
  activesupport (4.2.1) lib/active_support/lazy_load_hooks.rb:44:in `run_load_hooks'
  activerecord (4.2.1) lib/active_record/base.rb:316:in `<module:ActiveRecord>'
  activerecord (4.2.1) lib/active_record/base.rb:26:in `<top (required)>'
  activerecord (4.2.1) lib/active_record/migration.rb:384:in `connection'
  activerecord (4.2.1) lib/active_record/migration.rb:371:in `call'
  actionpack (4.2.1) lib/action_dispatch/middleware/callbacks.rb:29:in `block in call'
  activesupport (4.2.1) lib/active_support/callbacks.rb:88:in `call'
  activesupport (4.2.1) lib/active_support/callbacks.rb:88:in `_run_callbacks'
  activesupport (4.2.1) lib/active_support/callbacks.rb:776:in `_run_call_callbacks'
  activesupport (4.2.1) lib/active_support/callbacks.rb:81:in `run_callbacks'
  actionpack (4.2.1) lib/action_dispatch/middleware/callbacks.rb:27:in `call'
  actionpack (4.2.1) lib/action_dispatch/middleware/reloader.rb:73:in `call'
  actionpack (4.2.1) lib/action_dispatch/middleware/remote_ip.rb:78:in `call'
  actionpack (4.2.1) lib/action_dispatch/middleware/debug_exceptions.rb:17:in `call'
  web-console (2.3.0) lib/web_console/middleware.rb:28:in `block in call'
  web-console (2.3.0) lib/web_console/middleware.rb:18:in `catch'
  web-console (2.3.0) lib/web_console/middleware.rb:18:in `call'
  actionpack (4.2.1) lib/action_dispatch/middleware/show_exceptions.rb:30:in `call'
  railties (4.2.1) lib/rails/rack/logger.rb:38:in `call_app'
  railties (4.2.1) lib/rails/rack/logger.rb:20:in `block in call'
  activesupport (4.2.1) lib/active_support/tagged_logging.rb:68:in `block in tagged'
  activesupport (4.2.1) lib/active_support/tagged_logging.rb:26:in `tagged'
  activesupport (4.2.1) lib/active_support/tagged_logging.rb:68:in `tagged'
  railties (4.2.1) lib/rails/rack/logger.rb:20:in `call'
  actionpack (4.2.1) lib/action_dispatch/middleware/request_id.rb:21:in `call'
  rack (1.6.4) lib/rack/methodoverride.rb:22:in `call'
  rack (1.6.4) lib/rack/runtime.rb:18:in `call'
  activesupport (4.2.1) lib/active_support/cache/strategy/local_cache_middleware.rb:28:in `call'
  rack (1.6.4) lib/rack/lock.rb:17:in `call'
  actionpack (4.2.1) lib/action_dispatch/middleware/static.rb:113:in `call'
  rack (1.6.4) lib/rack/sendfile.rb:113:in `call'
  railties (4.2.1) lib/rails/engine.rb:518:in `call'
  railties (4.2.1) lib/rails/application.rb:164:in `call'
  rack (1.6.4) lib/rack/lock.rb:17:in `call'
  rack (1.6.4) lib/rack/content_length.rb:15:in `call'
  rack (1.6.4) lib/rack/handler/webrick.rb:88:in `service'
  /home/venkat/.rvm/rubies/ruby-2.2.2/lib/ruby/2.2.0/webrick/httpserver.rb:138:in `service'
  /home/venkat/.rvm/rubies/ruby-2.2.2/lib/ruby/2.2.0/webrick/httpserver.rb:94:in `run'
  /home/venkat/.rvm/rubies/ruby-2.2.2/lib/ruby/2.2.0/webrick/server.rb:294:in `block in start_thread'


  Rendered /home/venkat/.rvm/gems/ruby-2.2.2@MurabahaClub/gems/actionpack-4.2.1/lib/action_dispatch/middleware/templates/rescues/_source.erb (4.7ms)
  Rendered /home/venkat/.rvm/gems/ruby-2.2.2@MurabahaClub/gems/actionpack-4.2.1/lib/action_dispatch/middleware/templates/rescues/_trace.html.erb (2.4ms)
  Rendered /home/venkat/.rvm/gems/ruby-2.2.2@MurabahaClub/gems/actionpack-4.2.1/lib/action_dispatch/middleware/templates/rescues/_request_and_response.html.erb (1.2ms)
  Rendered /home/venkat/.rvm/gems/ruby-2.2.2@MurabahaClub/gems/actionpack-4.2.1/lib/action_dispatch/middleware/templates/rescues/diagnostics.html.erb within rescues/layout (28.7ms)
  Rendered /home/venkat/.rvm/gems/ruby-2.2.2@MurabahaClub/gems/web-console-2.3.0/lib/web_console/templates/_markup.html.erb (0.5ms)
  Rendered /home/venkat/.rvm/gems/ruby-2.2.2@MurabahaClub/gems/web-console-2.3.0/lib/web_console/templates/_inner_console_markup.html.erb within layouts/inlined_string (0.5ms)
  Rendered /home/venkat/.rvm/gems/ruby-2.2.2@MurabahaClub/gems/web-console-2.3.0/lib/web_console/templates/_prompt_box_markup.html.erb within layouts/inlined_string (0.4ms)
  Rendered /home/venkat/.rvm/gems/ruby-2.2.2@MurabahaClub/gems/web-console-2.3.0/lib/web_console/templates/style.css.erb within layouts/inlined_string (0.4ms)
  Rendered /home/venkat/.rvm/gems/ruby-2.2.2@MurabahaClub/gems/web-console-2.3.0/lib/web_console/templates/console.js.erb within layouts/javascript (23.7ms)
  Rendered /home/venkat/.rvm/gems/ruby-2.2.2@MurabahaClub/gems/web-console-2.3.0/lib/web_console/templates/main.js.erb within layouts/javascript (0.3ms)
  Rendered /home/venkat/.rvm/gems/ruby-2.2.2@MurabahaClub/gems/web-console-2.3.0/lib/web_console/templates/error_page.js.erb within layouts/javascript (0.4ms)
  Rendered /home/venkat/.rvm/gems/ruby-2.2.2@MurabahaClub/gems/web-console-2.3.0/lib/web_console/templates/index.html.erb (47.6ms)


Started GET "/" for 127.0.0.1 at 2016-02-09 18:10:08 +0530
  [1m[36mActiveRecord::SchemaMigration Load (1.0ms)[0m  [1mSELECT "schema_migrations".* FROM "schema_migrations"[0m
Processing by Rails::WelcomeController#index as HTML
  Rendered /home/venkat/.rvm/gems/ruby-2.2.2@MurabahaClub/gems/railties-4.2.1/lib/rails/templates/rails/welcome/index.html.erb (1.8ms)
Completed 200 OK in 53ms (Views: 35.6ms | ActiveRecord: 0.0ms)


Started GET "/" for 127.0.0.1 at 2016-02-09 18:10:27 +0530
Processing by AccountsController#index as HTML
  [1m[35mAccount Load (0.6ms)[0m  SELECT "accounts".* FROM "accounts"
  Rendered accounts/index.html.erb within layouts/application (5.2ms)
Completed 200 OK in 1697ms (Views: 1693.2ms | ActiveRecord: 1.9ms)


Started GET "/assets/accounts.self-e3b0c44298fc1c149afbf4c8996fb92427ae41e4649b934ca495991b7852b855.css?body=1" for 127.0.0.1 at 2016-02-09 18:10:29 +0530


Started GET "/assets/scaffolds.self-8ab076a2003b13e0104c76142ebf8d18d992d1d782409ce9d3a982804e150b4f.css?body=1" for 127.0.0.1 at 2016-02-09 18:10:29 +0530


Started GET "/assets/jquery_ujs.self-d602bdfe68ffc63b9f9cc512872aa3cfff046228a0a36e90dd476e8ef54c1b09.js?body=1" for 127.0.0.1 at 2016-02-09 18:10:29 +0530


Started GET "/assets/application.self-e80e8f2318043e8af94dddc2adad5a4f09739a8ebb323b3ab31cd71d45fd9113.css?body=1" for 127.0.0.1 at 2016-02-09 18:10:29 +0530


Started GET "/assets/jquery.self-c64a74367bda6ef8b860f19e74df08927ca99d2be2ac934e9e92d5fd361e0da4.js?body=1" for 127.0.0.1 at 2016-02-09 18:10:29 +0530


Started GET "/assets/turbolinks.self-c37727e9bd6b2735da5c311aa83fead54ed0be6cc8bd9a65309e9c5abe2cbfff.js?body=1" for 127.0.0.1 at 2016-02-09 18:10:29 +0530


Started GET "/assets/accounts.self-877aef30ae1b040ab8a3aba4e3e309a11d7f2612f44dde450b5c157aa5f95c05.js?body=1" for 127.0.0.1 at 2016-02-09 18:10:29 +0530


Started GET "/assets/application.self-3b8dabdc891efe46b9a144b400ad69e37d7e5876bdc39dee783419a69d7ca819.js?body=1" for 127.0.0.1 at 2016-02-09 18:10:29 +0530


Started GET "/" for 127.0.0.1 at 2016-02-09 18:13:29 +0530
  [1m[36mActiveRecord::SchemaMigration Load (0.6ms)[0m  [1mSELECT "schema_migrations".* FROM "schema_migrations"[0m

ActiveRecord::PendingMigrationError (

Migrations are pending. To resolve this issue, run:

	bin/rake db:migrate RAILS_ENV=development

):
  activerecord (4.2.1) lib/active_record/migration.rb:393:in `check_pending!'
  activerecord (4.2.1) lib/active_record/migration.rb:374:in `call'
  actionpack (4.2.1) lib/action_dispatch/middleware/callbacks.rb:29:in `block in call'
  activesupport (4.2.1) lib/active_support/callbacks.rb:88:in `call'
  activesupport (4.2.1) lib/active_support/callbacks.rb:88:in `_run_callbacks'
  activesupport (4.2.1) lib/active_support/callbacks.rb:776:in `_run_call_callbacks'
  activesupport (4.2.1) lib/active_support/callbacks.rb:81:in `run_callbacks'
  actionpack (4.2.1) lib/action_dispatch/middleware/callbacks.rb:27:in `call'
  actionpack (4.2.1) lib/action_dispatch/middleware/reloader.rb:73:in `call'
  actionpack (4.2.1) lib/action_dispatch/middleware/remote_ip.rb:78:in `call'
  actionpack (4.2.1) lib/action_dispatch/middleware/debug_exceptions.rb:17:in `call'
  web-console (2.3.0) lib/web_console/middleware.rb:28:in `block in call'
  web-console (2.3.0) lib/web_console/middleware.rb:18:in `catch'
  web-console (2.3.0) lib/web_console/middleware.rb:18:in `call'
  actionpack (4.2.1) lib/action_dispatch/middleware/show_exceptions.rb:30:in `call'
  railties (4.2.1) lib/rails/rack/logger.rb:38:in `call_app'
  railties (4.2.1) lib/rails/rack/logger.rb:20:in `block in call'
  activesupport (4.2.1) lib/active_support/tagged_logging.rb:68:in `block in tagged'
  activesupport (4.2.1) lib/active_support/tagged_logging.rb:26:in `tagged'
  activesupport (4.2.1) lib/active_support/tagged_logging.rb:68:in `tagged'
  railties (4.2.1) lib/rails/rack/logger.rb:20:in `call'
  actionpack (4.2.1) lib/action_dispatch/middleware/request_id.rb:21:in `call'
  rack (1.6.4) lib/rack/methodoverride.rb:22:in `call'
  rack (1.6.4) lib/rack/runtime.rb:18:in `call'
  activesupport (4.2.1) lib/active_support/cache/strategy/local_cache_middleware.rb:28:in `call'
  rack (1.6.4) lib/rack/lock.rb:17:in `call'
  actionpack (4.2.1) lib/action_dispatch/middleware/static.rb:113:in `call'
  rack (1.6.4) lib/rack/sendfile.rb:113:in `call'
  railties (4.2.1) lib/rails/engine.rb:518:in `call'
  railties (4.2.1) lib/rails/application.rb:164:in `call'
  rack (1.6.4) lib/rack/lock.rb:17:in `call'
  rack (1.6.4) lib/rack/content_length.rb:15:in `call'
  rack (1.6.4) lib/rack/handler/webrick.rb:88:in `service'
  /home/venkat/.rvm/rubies/ruby-2.2.2/lib/ruby/2.2.0/webrick/httpserver.rb:138:in `service'
  /home/venkat/.rvm/rubies/ruby-2.2.2/lib/ruby/2.2.0/webrick/httpserver.rb:94:in `run'
  /home/venkat/.rvm/rubies/ruby-2.2.2/lib/ruby/2.2.0/webrick/server.rb:294:in `block in start_thread'


  Rendered /home/venkat/.rvm/gems/ruby-2.2.2@MurabahaClub/gems/actionpack-4.2.1/lib/action_dispatch/middleware/templates/rescues/_source.erb (5.3ms)
  Rendered /home/venkat/.rvm/gems/ruby-2.2.2@MurabahaClub/gems/actionpack-4.2.1/lib/action_dispatch/middleware/templates/rescues/_trace.html.erb (2.6ms)
  Rendered /home/venkat/.rvm/gems/ruby-2.2.2@MurabahaClub/gems/actionpack-4.2.1/lib/action_dispatch/middleware/templates/rescues/_request_and_response.html.erb (1.3ms)
  Rendered /home/venkat/.rvm/gems/ruby-2.2.2@MurabahaClub/gems/actionpack-4.2.1/lib/action_dispatch/middleware/templates/rescues/diagnostics.html.erb within rescues/layout (32.9ms)
  Rendered /home/venkat/.rvm/gems/ruby-2.2.2@MurabahaClub/gems/web-console-2.3.0/lib/web_console/templates/_markup.html.erb (0.6ms)
  Rendered /home/venkat/.rvm/gems/ruby-2.2.2@MurabahaClub/gems/web-console-2.3.0/lib/web_console/templates/_inner_console_markup.html.erb within layouts/inlined_string (0.5ms)
  Rendered /home/venkat/.rvm/gems/ruby-2.2.2@MurabahaClub/gems/web-console-2.3.0/lib/web_console/templates/_prompt_box_markup.html.erb within layouts/inlined_string (0.7ms)
  Rendered /home/venkat/.rvm/gems/ruby-2.2.2@MurabahaClub/gems/web-console-2.3.0/lib/web_console/templates/style.css.erb within layouts/inlined_string (0.6ms)
  Rendered /home/venkat/.rvm/gems/ruby-2.2.2@MurabahaClub/gems/web-console-2.3.0/lib/web_console/templates/console.js.erb within layouts/javascript (31.4ms)
  Rendered /home/venkat/.rvm/gems/ruby-2.2.2@MurabahaClub/gems/web-console-2.3.0/lib/web_console/templates/main.js.erb within layouts/javascript (0.4ms)
  Rendered /home/venkat/.rvm/gems/ruby-2.2.2@MurabahaClub/gems/web-console-2.3.0/lib/web_console/templates/error_page.js.erb within layouts/javascript (1.0ms)
  Rendered /home/venkat/.rvm/gems/ruby-2.2.2@MurabahaClub/gems/web-console-2.3.0/lib/web_console/templates/index.html.erb (68.2ms)
  [1m[36mActiveRecord::SchemaMigration Load (0.9ms)[0m  [1mSELECT "schema_migrations".* FROM "schema_migrations"[0m
Migrating to AddAvatarToAccounts (20160209124150)
  [1m[35m (0.3ms)[0m  BEGIN
  [1m[36m (1.1ms)[0m  [1mALTER TABLE "accounts" ADD "avatar" character varying[0m
  [1m[35mSQL (0.5ms)[0m  INSERT INTO "schema_migrations" ("version") VALUES ($1)  [["version", "20160209124150"]]
  [1m[36m (56.9ms)[0m  [1mCOMMIT[0m
  [1m[35mActiveRecord::SchemaMigration Load (0.5ms)[0m  SELECT "schema_migrations".* FROM "schema_migrations"
  [1m[36m (3.7ms)[0m  [1mSELECT t2.oid::regclass::text AS to_table, a1.attname AS column, a2.attname AS primary_key, c.conname AS name, c.confupdtype AS on_update, c.confdeltype AS on_delete
FROM pg_constraint c
JOIN pg_class t1 ON c.conrelid = t1.oid
JOIN pg_class t2 ON c.confrelid = t2.oid
JOIN pg_attribute a1 ON a1.attnum = c.conkey[1] AND a1.attrelid = t1.oid
JOIN pg_attribute a2 ON a2.attnum = c.confkey[1] AND a2.attrelid = t2.oid
JOIN pg_namespace t3 ON c.connamespace = t3.oid
WHERE c.contype = 'f'
  AND t1.relname = 'accounts'
  AND t3.nspname = ANY (current_schemas(false))
ORDER BY c.conname
[0m
  [1m[35m (4.4ms)[0m  SELECT t2.oid::regclass::text AS to_table, a1.attname AS column, a2.attname AS primary_key, c.conname AS name, c.confupdtype AS on_update, c.confdeltype AS on_delete
FROM pg_constraint c
JOIN pg_class t1 ON c.conrelid = t1.oid
JOIN pg_class t2 ON c.confrelid = t2.oid
JOIN pg_attribute a1 ON a1.attnum = c.conkey[1] AND a1.attrelid = t1.oid
JOIN pg_attribute a2 ON a2.attnum = c.confkey[1] AND a2.attrelid = t2.oid
JOIN pg_namespace t3 ON c.connamespace = t3.oid
WHERE c.contype = 'f'
  AND t1.relname = 'articles'
  AND t3.nspname = ANY (current_schemas(false))
ORDER BY c.conname

  [1m[36m (4.4ms)[0m  [1mSELECT t2.oid::regclass::text AS to_table, a1.attname AS column, a2.attname AS primary_key, c.conname AS name, c.confupdtype AS on_update, c.confdeltype AS on_delete
FROM pg_constraint c
JOIN pg_class t1 ON c.conrelid = t1.oid
JOIN pg_class t2 ON c.confrelid = t2.oid
JOIN pg_attribute a1 ON a1.attnum = c.conkey[1] AND a1.attrelid = t1.oid
JOIN pg_attribute a2 ON a2.attnum = c.confkey[1] AND a2.attrelid = t2.oid
JOIN pg_namespace t3 ON c.connamespace = t3.oid
WHERE c.contype = 'f'
  AND t1.relname = 'blogs'
  AND t3.nspname = ANY (current_schemas(false))
ORDER BY c.conname
[0m


Started GET "/" for 127.0.0.1 at 2016-02-09 18:13:49 +0530
  [1m[35mActiveRecord::SchemaMigration Load (0.4ms)[0m  SELECT "schema_migrations".* FROM "schema_migrations"
Processing by AccountsController#index as HTML
Completed 500 Internal Server Error in 5ms (ActiveRecord: 0.0ms)

NameError (uninitialized constant Account::AvatarUploader):
  app/models/account.rb:2:in `<class:Account>'
  app/models/account.rb:1:in `<top (required)>'
  app/controllers/accounts_controller.rb:7:in `index'


  Rendered /home/venkat/.rvm/gems/ruby-2.2.2@MurabahaClub/gems/actionpack-4.2.1/lib/action_dispatch/middleware/templates/rescues/_source.erb (12.3ms)
  Rendered /home/venkat/.rvm/gems/ruby-2.2.2@MurabahaClub/gems/actionpack-4.2.1/lib/action_dispatch/middleware/templates/rescues/_trace.html.erb (5.1ms)
  Rendered /home/venkat/.rvm/gems/ruby-2.2.2@MurabahaClub/gems/actionpack-4.2.1/lib/action_dispatch/middleware/templates/rescues/_request_and_response.html.erb (2.2ms)
  Rendered /home/venkat/.rvm/gems/ruby-2.2.2@MurabahaClub/gems/actionpack-4.2.1/lib/action_dispatch/middleware/templates/rescues/diagnostics.html.erb within rescues/layout (40.6ms)
  Rendered /home/venkat/.rvm/gems/ruby-2.2.2@MurabahaClub/gems/web-console-2.3.0/lib/web_console/templates/_markup.html.erb (0.4ms)
  Rendered /home/venkat/.rvm/gems/ruby-2.2.2@MurabahaClub/gems/web-console-2.3.0/lib/web_console/templates/_inner_console_markup.html.erb within layouts/inlined_string (1.2ms)
  Rendered /home/venkat/.rvm/gems/ruby-2.2.2@MurabahaClub/gems/web-console-2.3.0/lib/web_console/templates/_prompt_box_markup.html.erb within layouts/inlined_string (0.5ms)
  Rendered /home/venkat/.rvm/gems/ruby-2.2.2@MurabahaClub/gems/web-console-2.3.0/lib/web_console/templates/style.css.erb within layouts/inlined_string (0.5ms)
  Rendered /home/venkat/.rvm/gems/ruby-2.2.2@MurabahaClub/gems/web-console-2.3.0/lib/web_console/templates/console.js.erb within layouts/javascript (27.2ms)
  Rendered /home/venkat/.rvm/gems/ruby-2.2.2@MurabahaClub/gems/web-console-2.3.0/lib/web_console/templates/main.js.erb within layouts/javascript (0.4ms)
  Rendered /home/venkat/.rvm/gems/ruby-2.2.2@MurabahaClub/gems/web-console-2.3.0/lib/web_console/templates/error_page.js.erb within layouts/javascript (0.8ms)
  Rendered /home/venkat/.rvm/gems/ruby-2.2.2@MurabahaClub/gems/web-console-2.3.0/lib/web_console/templates/index.html.erb (54.2ms)


Started GET "/" for 127.0.0.1 at 2016-02-09 18:13:59 +0530
  [1m[36mActiveRecord::SchemaMigration Load (1.3ms)[0m  [1mSELECT "schema_migrations".* FROM "schema_migrations"[0m
Processing by AccountsController#index as HTML
  [1m[35mAccount Load (1.1ms)[0m  SELECT "accounts".* FROM "accounts"
  Rendered accounts/index.html.erb within layouts/application (6.1ms)
Completed 200 OK in 323ms (Views: 301.2ms | ActiveRecord: 3.0ms)


Started GET "/assets/accounts.self-e3b0c44298fc1c149afbf4c8996fb92427ae41e4649b934ca495991b7852b855.css?body=1" for 127.0.0.1 at 2016-02-09 18:13:59 +0530


Started GET "/assets/application.self-e80e8f2318043e8af94dddc2adad5a4f09739a8ebb323b3ab31cd71d45fd9113.css?body=1" for 127.0.0.1 at 2016-02-09 18:13:59 +0530


Started GET "/assets/jquery.self-c64a74367bda6ef8b860f19e74df08927ca99d2be2ac934e9e92d5fd361e0da4.js?body=1" for 127.0.0.1 at 2016-02-09 18:13:59 +0530


Started GET "/assets/jquery_ujs.self-d602bdfe68ffc63b9f9cc512872aa3cfff046228a0a36e90dd476e8ef54c1b09.js?body=1" for 127.0.0.1 at 2016-02-09 18:13:59 +0530


Started GET "/assets/scaffolds.self-8ab076a2003b13e0104c76142ebf8d18d992d1d782409ce9d3a982804e150b4f.css?body=1" for 127.0.0.1 at 2016-02-09 18:13:59 +0530


Started GET "/assets/turbolinks.self-c37727e9bd6b2735da5c311aa83fead54ed0be6cc8bd9a65309e9c5abe2cbfff.js?body=1" for 127.0.0.1 at 2016-02-09 18:13:59 +0530


Started GET "/assets/accounts.self-877aef30ae1b040ab8a3aba4e3e309a11d7f2612f44dde450b5c157aa5f95c05.js?body=1" for 127.0.0.1 at 2016-02-09 18:13:59 +0530


Started GET "/assets/application.self-3b8dabdc891efe46b9a144b400ad69e37d7e5876bdc39dee783419a69d7ca819.js?body=1" for 127.0.0.1 at 2016-02-09 18:13:59 +0530


Started GET "/accounts/new" for 127.0.0.1 at 2016-02-09 18:14:02 +0530
Processing by AccountsController#new as HTML
  Rendered accounts/_form.html.erb (71.2ms)
  Rendered accounts/new.html.erb within layouts/application (142.9ms)
Completed 200 OK in 179ms (Views: 161.5ms | ActiveRecord: 5.8ms)
  [1m[36m (111.2ms)[0m  [1mCREATE TABLE "schema_migrations" ("version" character varying NOT NULL) [0m
  [1m[35m (75.6ms)[0m  CREATE UNIQUE INDEX  "unique_schema_migrations" ON "schema_migrations"  ("version")
  [1m[36mActiveRecord::SchemaMigration Load (1.0ms)[0m  [1mSELECT "schema_migrations".* FROM "schema_migrations"[0m
Migrating to CreateAccounts (20160209123710)
  [1m[35m (0.4ms)[0m  BEGIN
  [1m[36m (119.6ms)[0m  [1mCREATE TABLE "accounts" ("id" serial primary key, "name" character varying, "created_at" timestamp NOT NULL, "updated_at" timestamp NOT NULL) [0m
  [1m[35mSQL (0.8ms)[0m  INSERT INTO "schema_migrations" ("version") VALUES ($1)  [["version", "20160209123710"]]
  [1m[36m (22.3ms)[0m  [1mCOMMIT[0m
Migrating to AddAvatarToAccounts (20160209124150)
  [1m[35m (0.5ms)[0m  BEGIN
  [1m[36m (1.2ms)[0m  [1mALTER TABLE "accounts" ADD "avatar" character varying[0m
  [1m[35mSQL (0.5ms)[0m  INSERT INTO "schema_migrations" ("version") VALUES ($1)  [["version", "20160209124150"]]
  [1m[36m (12.4ms)[0m  [1mCOMMIT[0m
  [1m[35mActiveRecord::SchemaMigration Load (0.7ms)[0m  SELECT "schema_migrations".* FROM "schema_migrations"
  [1m[36m (4.0ms)[0m  [1mSELECT t2.oid::regclass::text AS to_table, a1.attname AS column, a2.attname AS primary_key, c.conname AS name, c.confupdtype AS on_update, c.confdeltype AS on_delete
FROM pg_constraint c
JOIN pg_class t1 ON c.conrelid = t1.oid
JOIN pg_class t2 ON c.confrelid = t2.oid
JOIN pg_attribute a1 ON a1.attnum = c.conkey[1] AND a1.attrelid = t1.oid
JOIN pg_attribute a2 ON a2.attnum = c.confkey[1] AND a2.attrelid = t2.oid
JOIN pg_namespace t3 ON c.connamespace = t3.oid
WHERE c.contype = 'f'
  AND t1.relname = 'accounts'
  AND t3.nspname = ANY (current_schemas(false))
ORDER BY c.conname
[0m


Started GET "/accounts/new" for 127.0.0.1 at 2016-02-09 18:16:04 +0530
  [1m[36mActiveRecord::SchemaMigration Load (1.2ms)[0m  [1mSELECT "schema_migrations".* FROM "schema_migrations"[0m
Processing by AccountsController#new as HTML
  Rendered accounts/_form.html.erb (19.7ms)
  Rendered accounts/new.html.erb within layouts/application (24.3ms)
Completed 200 OK in 364ms (Views: 333.5ms | ActiveRecord: 6.9ms)


Started GET "/assets/accounts.self-e3b0c44298fc1c149afbf4c8996fb92427ae41e4649b934ca495991b7852b855.css?body=1" for 127.0.0.1 at 2016-02-09 18:16:05 +0530


Started GET "/assets/jquery.self-c64a74367bda6ef8b860f19e74df08927ca99d2be2ac934e9e92d5fd361e0da4.js?body=1" for 127.0.0.1 at 2016-02-09 18:16:05 +0530


Started GET "/assets/jquery_ujs.self-d602bdfe68ffc63b9f9cc512872aa3cfff046228a0a36e90dd476e8ef54c1b09.js?body=1" for 127.0.0.1 at 2016-02-09 18:16:05 +0530


Started GET "/assets/application.self-e80e8f2318043e8af94dddc2adad5a4f09739a8ebb323b3ab31cd71d45fd9113.css?body=1" for 127.0.0.1 at 2016-02-09 18:16:05 +0530


Started GET "/assets/scaffolds.self-8ab076a2003b13e0104c76142ebf8d18d992d1d782409ce9d3a982804e150b4f.css?body=1" for 127.0.0.1 at 2016-02-09 18:16:05 +0530


Started GET "/assets/turbolinks.self-c37727e9bd6b2735da5c311aa83fead54ed0be6cc8bd9a65309e9c5abe2cbfff.js?body=1" for 127.0.0.1 at 2016-02-09 18:16:05 +0530


Started GET "/assets/accounts.self-877aef30ae1b040ab8a3aba4e3e309a11d7f2612f44dde450b5c157aa5f95c05.js?body=1" for 127.0.0.1 at 2016-02-09 18:16:05 +0530


Started GET "/assets/application.self-3b8dabdc891efe46b9a144b400ad69e37d7e5876bdc39dee783419a69d7ca819.js?body=1" for 127.0.0.1 at 2016-02-09 18:16:05 +0530


Started POST "/accounts" for 127.0.0.1 at 2016-02-09 18:16:19 +0530
Processing by AccountsController#create as HTML
  Parameters: {"utf8"=>"✓", "authenticity_token"=>"x+AcyiQRNGBJ9sysIHVFiV5U3TnKH8IdY/sgSHs7nExu1yhBRnhT8Fdno70C1Mq4bzUmZkgO14K6KKFs9xVUqQ==", "account"=>{"name"=>#<ActionDispatch::Http::UploadedFile:0xb59a4060 @tempfile=#<Tempfile:/tmp/RackMultipart20160209-7836-11gh9f0.jpeg>, @original_filename="people.jpeg", @content_type="image/jpeg", @headers="Content-Disposition: form-data; name=\"account[name]\"; filename=\"people.jpeg\"\r\nContent-Type: image/jpeg\r\n">}, "commit"=>"Create Account"}
  [1m[35m (0.3ms)[0m  BEGIN
  [1m[36mSQL (1.3ms)[0m  [1mINSERT INTO "accounts" ("name", "created_at", "updated_at") VALUES ($1, $2, $3) RETURNING "id"[0m  [["name", "#<ActionDispatch::Http::UploadedFile:0xb59a4060>"], ["created_at", "2016-02-09 12:46:19.492632"], ["updated_at", "2016-02-09 12:46:19.492632"]]
  [1m[35m (40.9ms)[0m  COMMIT
Redirected to http://localhost:3000/accounts/1
Completed 302 Found in 51ms (ActiveRecord: 42.8ms)


Started GET "/accounts/1" for 127.0.0.1 at 2016-02-09 18:16:19 +0530
Processing by AccountsController#show as HTML
  Parameters: {"id"=>"1"}
  [1m[36mAccount Load (0.7ms)[0m  [1mSELECT  "accounts".* FROM "accounts" WHERE "accounts"."id" = $1 LIMIT 1[0m  [["id", 1]]
  Rendered accounts/show.html.erb within layouts/application (4.7ms)
Completed 200 OK in 229ms (Views: 29.0ms | ActiveRecord: 0.7ms)


Started GET "/accounts" for 127.0.0.1 at 2016-02-09 18:16:22 +0530
Processing by AccountsController#index as HTML
  [1m[35mAccount Load (0.8ms)[0m  SELECT "accounts".* FROM "accounts"
  Rendered accounts/index.html.erb within layouts/application (4.2ms)
Completed 200 OK in 30ms (Views: 27.3ms | ActiveRecord: 0.8ms)


Started GET "/accounts" for 127.0.0.1 at 2016-02-09 18:17:24 +0530
Processing by AccountsController#index as HTML
  [1m[36mAccount Load (0.5ms)[0m  [1mSELECT "accounts".* FROM "accounts"[0m
  Rendered accounts/index.html.erb within layouts/application (2.7ms)
Completed 200 OK in 24ms (Views: 22.6ms | ActiveRecord: 0.5ms)


Started GET "/accounts/new" for 127.0.0.1 at 2016-02-09 18:17:26 +0530
Processing by AccountsController#new as HTML
  Rendered accounts/_form.html.erb (5.7ms)
  Rendered accounts/new.html.erb within layouts/application (27.6ms)
Completed 200 OK in 67ms (Views: 65.0ms | ActiveRecord: 0.0ms)


Started POST "/accounts" for 127.0.0.1 at 2016-02-09 18:17:36 +0530
Processing by AccountsController#create as HTML
  Parameters: {"utf8"=>"✓", "authenticity_token"=>"laNydcyFTfSRieS8WUp7N9Ea+d0/krm3DVa6i4GdtT88lEb+ruwqZI8Yi6176/QG4HsCgr2DrCjUhTuvDbN92g==", "account"=>{"name"=>"hi", "avatar"=>#<ActionDispatch::Http::UploadedFile:0xb48822c8 @tempfile=#<Tempfile:/tmp/RackMultipart20160209-7836-h7z5jj.jpg>, @original_filename="feeling.jpg", @content_type="image/jpeg", @headers="Content-Disposition: form-data; name=\"account[avatar]\"; filename=\"feeling.jpg\"\r\nContent-Type: image/jpeg\r\n">}, "commit"=>"Create Account"}
Unpermitted parameter: avatar
  [1m[35m (0.2ms)[0m  BEGIN
  [1m[36mSQL (0.7ms)[0m  [1mINSERT INTO "accounts" ("name", "created_at", "updated_at") VALUES ($1, $2, $3) RETURNING "id"[0m  [["name", "hi"], ["created_at", "2016-02-09 12:47:36.664445"], ["updated_at", "2016-02-09 12:47:36.664445"]]
  [1m[35m (122.4ms)[0m  COMMIT
Redirected to http://localhost:3000/accounts/2
Completed 302 Found in 131ms (ActiveRecord: 123.3ms)


Started GET "/accounts/2" for 127.0.0.1 at 2016-02-09 18:17:36 +0530
Processing by AccountsController#show as HTML
  Parameters: {"id"=>"2"}
  [1m[36mAccount Load (0.4ms)[0m  [1mSELECT  "accounts".* FROM "accounts" WHERE "accounts"."id" = $1 LIMIT 1[0m  [["id", 2]]
  Rendered accounts/show.html.erb within layouts/application (0.6ms)
Completed 200 OK in 41ms (Views: 38.6ms | ActiveRecord: 0.4ms)


Started GET "/accounts/2" for 127.0.0.1 at 2016-02-09 18:18:39 +0530
Processing by AccountsController#show as HTML
  Parameters: {"id"=>"2"}
  [1m[35mAccount Load (0.4ms)[0m  SELECT  "accounts".* FROM "accounts" WHERE "accounts"."id" = $1 LIMIT 1  [["id", 2]]
  Rendered accounts/show.html.erb within layouts/application (9.0ms)
Completed 500 Internal Server Error in 29ms (ActiveRecord: 0.4ms)

ActionView::Template::Error (undefined method `url' for #<Account:0xb40810c4>):
    3: <p>
    4:   <strong>Name:</strong>
    5:   <%= @account.name %>
    6:   <%= image_tag @account.url.to_s%>
    7: </p>
    8: 
    9: <%= link_to 'Edit', edit_account_path(@account) %> |
  app/views/accounts/show.html.erb:6:in `_app_views_accounts_show_html_erb__149134369__636913638'


  Rendered /home/venkat/.rvm/gems/ruby-2.2.2@MurabahaClub/gems/actionpack-4.2.1/lib/action_dispatch/middleware/templates/rescues/_source.erb (9.9ms)
  Rendered /home/venkat/.rvm/gems/ruby-2.2.2@MurabahaClub/gems/actionpack-4.2.1/lib/action_dispatch/middleware/templates/rescues/_trace.html.erb (4.7ms)
  Rendered /home/venkat/.rvm/gems/ruby-2.2.2@MurabahaClub/gems/actionpack-4.2.1/lib/action_dispatch/middleware/templates/rescues/_request_and_response.html.erb (1.3ms)
  Rendered /home/venkat/.rvm/gems/ruby-2.2.2@MurabahaClub/gems/actionpack-4.2.1/lib/action_dispatch/middleware/templates/rescues/template_error.html.erb within rescues/layout (36.5ms)
  Rendered /home/venkat/.rvm/gems/ruby-2.2.2@MurabahaClub/gems/web-console-2.3.0/lib/web_console/templates/_markup.html.erb (0.6ms)
  Rendered /home/venkat/.rvm/gems/ruby-2.2.2@MurabahaClub/gems/web-console-2.3.0/lib/web_console/templates/_inner_console_markup.html.erb within layouts/inlined_string (0.3ms)
  Rendered /home/venkat/.rvm/gems/ruby-2.2.2@MurabahaClub/gems/web-console-2.3.0/lib/web_console/templates/_prompt_box_markup.html.erb within layouts/inlined_string (0.3ms)
  Rendered /home/venkat/.rvm/gems/ruby-2.2.2@MurabahaClub/gems/web-console-2.3.0/lib/web_console/templates/style.css.erb within layouts/inlined_string (0.4ms)
  Rendered /home/venkat/.rvm/gems/ruby-2.2.2@MurabahaClub/gems/web-console-2.3.0/lib/web_console/templates/console.js.erb within layouts/javascript (23.5ms)
  Rendered /home/venkat/.rvm/gems/ruby-2.2.2@MurabahaClub/gems/web-console-2.3.0/lib/web_console/templates/main.js.erb within layouts/javascript (0.4ms)
  Rendered /home/venkat/.rvm/gems/ruby-2.2.2@MurabahaClub/gems/web-console-2.3.0/lib/web_console/templates/error_page.js.erb within layouts/javascript (0.5ms)
  Rendered /home/venkat/.rvm/gems/ruby-2.2.2@MurabahaClub/gems/web-console-2.3.0/lib/web_console/templates/index.html.erb (49.3ms)


Started GET "/accounts/2" for 127.0.0.1 at 2016-02-09 18:19:38 +0530
Processing by AccountsController#show as HTML
  Parameters: {"id"=>"2"}
  [1m[36mAccount Load (0.3ms)[0m  [1mSELECT  "accounts".* FROM "accounts" WHERE "accounts"."id" = $1 LIMIT 1[0m  [["id", 2]]
  Rendered accounts/show.html.erb within layouts/application (1.0ms)
Completed 200 OK in 22ms (Views: 20.2ms | ActiveRecord: 0.3ms)


Started GET "/assets/accounts.self-e3b0c44298fc1c149afbf4c8996fb92427ae41e4649b934ca495991b7852b855.css?body=1" for 127.0.0.1 at 2016-02-09 18:19:38 +0530


Started GET "/assets/scaffolds.self-8ab076a2003b13e0104c76142ebf8d18d992d1d782409ce9d3a982804e150b4f.css?body=1" for 127.0.0.1 at 2016-02-09 18:19:38 +0530


Started GET "/assets/jquery.self-c64a74367bda6ef8b860f19e74df08927ca99d2be2ac934e9e92d5fd361e0da4.js?body=1" for 127.0.0.1 at 2016-02-09 18:19:38 +0530


Started GET "/assets/jquery_ujs.self-d602bdfe68ffc63b9f9cc512872aa3cfff046228a0a36e90dd476e8ef54c1b09.js?body=1" for 127.0.0.1 at 2016-02-09 18:19:38 +0530


Started GET "/assets/application.self-e80e8f2318043e8af94dddc2adad5a4f09739a8ebb323b3ab31cd71d45fd9113.css?body=1" for 127.0.0.1 at 2016-02-09 18:19:38 +0530


Started GET "/assets/turbolinks.self-c37727e9bd6b2735da5c311aa83fead54ed0be6cc8bd9a65309e9c5abe2cbfff.js?body=1" for 127.0.0.1 at 2016-02-09 18:19:38 +0530


Started GET "/assets/accounts.self-877aef30ae1b040ab8a3aba4e3e309a11d7f2612f44dde450b5c157aa5f95c05.js?body=1" for 127.0.0.1 at 2016-02-09 18:19:38 +0530


Started GET "/assets/application.self-3b8dabdc891efe46b9a144b400ad69e37d7e5876bdc39dee783419a69d7ca819.js?body=1" for 127.0.0.1 at 2016-02-09 18:19:38 +0530


Started GET "/accounts" for 127.0.0.1 at 2016-02-09 18:19:53 +0530
Processing by AccountsController#index as HTML
  [1m[35mAccount Load (0.6ms)[0m  SELECT "accounts".* FROM "accounts"
  Rendered accounts/index.html.erb within layouts/application (2.8ms)
Completed 200 OK in 25ms (Views: 22.8ms | ActiveRecord: 0.6ms)


Started GET "/accounts" for 127.0.0.1 at 2016-02-09 18:20:17 +0530
Processing by AccountsController#index as HTML
  [1m[36mAccount Load (0.4ms)[0m  [1mSELECT "accounts".* FROM "accounts"[0m
  Rendered accounts/index.html.erb within layouts/application (2.9ms)
Completed 200 OK in 28ms (Views: 26.8ms | ActiveRecord: 0.4ms)


Started GET "/assets/accounts.self-e3b0c44298fc1c149afbf4c8996fb92427ae41e4649b934ca495991b7852b855.css?body=1" for 127.0.0.1 at 2016-02-09 18:20:17 +0530


Started GET "/assets/scaffolds.self-8ab076a2003b13e0104c76142ebf8d18d992d1d782409ce9d3a982804e150b4f.css?body=1" for 127.0.0.1 at 2016-02-09 18:20:17 +0530


Started GET "/assets/jquery.self-c64a74367bda6ef8b860f19e74df08927ca99d2be2ac934e9e92d5fd361e0da4.js?body=1" for 127.0.0.1 at 2016-02-09 18:20:17 +0530


Started GET "/assets/jquery_ujs.self-d602bdfe68ffc63b9f9cc512872aa3cfff046228a0a36e90dd476e8ef54c1b09.js?body=1" for 127.0.0.1 at 2016-02-09 18:20:17 +0530


Started GET "/assets/turbolinks.self-c37727e9bd6b2735da5c311aa83fead54ed0be6cc8bd9a65309e9c5abe2cbfff.js?body=1" for 127.0.0.1 at 2016-02-09 18:20:17 +0530


Started GET "/assets/application.self-e80e8f2318043e8af94dddc2adad5a4f09739a8ebb323b3ab31cd71d45fd9113.css?body=1" for 127.0.0.1 at 2016-02-09 18:20:17 +0530


Started GET "/assets/accounts.self-877aef30ae1b040ab8a3aba4e3e309a11d7f2612f44dde450b5c157aa5f95c05.js?body=1" for 127.0.0.1 at 2016-02-09 18:20:17 +0530


Started GET "/assets/application.self-3b8dabdc891efe46b9a144b400ad69e37d7e5876bdc39dee783419a69d7ca819.js?body=1" for 127.0.0.1 at 2016-02-09 18:20:17 +0530


Started GET "/accounts/1" for 127.0.0.1 at 2016-02-09 18:20:20 +0530
Processing by AccountsController#show as HTML
  Parameters: {"id"=>"1"}
  [1m[35mAccount Load (0.7ms)[0m  SELECT  "accounts".* FROM "accounts" WHERE "accounts"."id" = $1 LIMIT 1  [["id", 1]]
  Rendered accounts/show.html.erb within layouts/application (2.8ms)
Completed 500 Internal Server Error in 41ms (ActiveRecord: 0.7ms)

ActionView::Template::Error (undefined method `url' for "#<ActionDispatch::Http::UploadedFile:0xb59a4060>":String):
    3: <p>
    4:   <strong>Name:</strong>
    5:   <%= @account.name %>
    6:     <%= image_tag @account.name.url.to_s%>
    7: 
    8:   <%= image_tag @account.avatar.url.to_s%>
    9: </p>
  app/views/accounts/show.html.erb:6:in `_app_views_accounts_show_html_erb__149134369__640629528'


  Rendered /home/venkat/.rvm/gems/ruby-2.2.2@MurabahaClub/gems/actionpack-4.2.1/lib/action_dispatch/middleware/templates/rescues/_source.erb (9.7ms)
  Rendered /home/venkat/.rvm/gems/ruby-2.2.2@MurabahaClub/gems/actionpack-4.2.1/lib/action_dispatch/middleware/templates/rescues/_trace.html.erb (3.7ms)
  Rendered /home/venkat/.rvm/gems/ruby-2.2.2@MurabahaClub/gems/actionpack-4.2.1/lib/action_dispatch/middleware/templates/rescues/_request_and_response.html.erb (1.2ms)
  Rendered /home/venkat/.rvm/gems/ruby-2.2.2@MurabahaClub/gems/actionpack-4.2.1/lib/action_dispatch/middleware/templates/rescues/template_error.html.erb within rescues/layout (35.5ms)
  Rendered /home/venkat/.rvm/gems/ruby-2.2.2@MurabahaClub/gems/web-console-2.3.0/lib/web_console/templates/_markup.html.erb (0.6ms)
  Rendered /home/venkat/.rvm/gems/ruby-2.2.2@MurabahaClub/gems/web-console-2.3.0/lib/web_console/templates/_inner_console_markup.html.erb within layouts/inlined_string (0.4ms)
  Rendered /home/venkat/.rvm/gems/ruby-2.2.2@MurabahaClub/gems/web-console-2.3.0/lib/web_console/templates/_prompt_box_markup.html.erb within layouts/inlined_string (0.3ms)
  Rendered /home/venkat/.rvm/gems/ruby-2.2.2@MurabahaClub/gems/web-console-2.3.0/lib/web_console/templates/style.css.erb within layouts/inlined_string (0.4ms)
  Rendered /home/venkat/.rvm/gems/ruby-2.2.2@MurabahaClub/gems/web-console-2.3.0/lib/web_console/templates/console.js.erb within layouts/javascript (23.2ms)
  Rendered /home/venkat/.rvm/gems/ruby-2.2.2@MurabahaClub/gems/web-console-2.3.0/lib/web_console/templates/main.js.erb within layouts/javascript (0.6ms)
  Rendered /home/venkat/.rvm/gems/ruby-2.2.2@MurabahaClub/gems/web-console-2.3.0/lib/web_console/templates/error_page.js.erb within layouts/javascript (0.5ms)
  Rendered /home/venkat/.rvm/gems/ruby-2.2.2@MurabahaClub/gems/web-console-2.3.0/lib/web_console/templates/index.html.erb (48.8ms)


Started GET "/accounts/1" for 127.0.0.1 at 2016-02-09 18:20:20 +0530
Processing by AccountsController#show as HTML
  Parameters: {"id"=>"1"}
  [1m[36mAccount Load (0.5ms)[0m  [1mSELECT  "accounts".* FROM "accounts" WHERE "accounts"."id" = $1 LIMIT 1[0m  [["id", 1]]
  Rendered accounts/show.html.erb within layouts/application (3.1ms)
Completed 500 Internal Server Error in 9ms (ActiveRecord: 0.5ms)

ActionView::Template::Error (undefined method `url' for "#<ActionDispatch::Http::UploadedFile:0xb59a4060>":String):
    3: <p>
    4:   <strong>Name:</strong>
    5:   <%= @account.name %>
    6:     <%= image_tag @account.name.url.to_s%>
    7: 
    8:   <%= image_tag @account.avatar.url.to_s%>
    9: </p>
  app/views/accounts/show.html.erb:6:in `_app_views_accounts_show_html_erb__149134369__636002458'


  Rendered /home/venkat/.rvm/gems/ruby-2.2.2@MurabahaClub/gems/actionpack-4.2.1/lib/action_dispatch/middleware/templates/rescues/_source.erb (9.6ms)
  Rendered /home/venkat/.rvm/gems/ruby-2.2.2@MurabahaClub/gems/actionpack-4.2.1/lib/action_dispatch/middleware/templates/rescues/_trace.html.erb (4.0ms)
  Rendered /home/venkat/.rvm/gems/ruby-2.2.2@MurabahaClub/gems/actionpack-4.2.1/lib/action_dispatch/middleware/templates/rescues/_request_and_response.html.erb (1.2ms)
  Rendered /home/venkat/.rvm/gems/ruby-2.2.2@MurabahaClub/gems/actionpack-4.2.1/lib/action_dispatch/middleware/templates/rescues/template_error.html.erb within rescues/layout (35.0ms)
  Rendered /home/venkat/.rvm/gems/ruby-2.2.2@MurabahaClub/gems/web-console-2.3.0/lib/web_console/templates/_markup.html.erb (0.6ms)
  Rendered /home/venkat/.rvm/gems/ruby-2.2.2@MurabahaClub/gems/web-console-2.3.0/lib/web_console/templates/_inner_console_markup.html.erb within layouts/inlined_string (0.4ms)
  Rendered /home/venkat/.rvm/gems/ruby-2.2.2@MurabahaClub/gems/web-console-2.3.0/lib/web_console/templates/_prompt_box_markup.html.erb within layouts/inlined_string (0.3ms)
  Rendered /home/venkat/.rvm/gems/ruby-2.2.2@MurabahaClub/gems/web-console-2.3.0/lib/web_console/templates/style.css.erb within layouts/inlined_string (0.4ms)
  Rendered /home/venkat/.rvm/gems/ruby-2.2.2@MurabahaClub/gems/web-console-2.3.0/lib/web_console/templates/console.js.erb within layouts/javascript (24.0ms)
  Rendered /home/venkat/.rvm/gems/ruby-2.2.2@MurabahaClub/gems/web-console-2.3.0/lib/web_console/templates/main.js.erb within layouts/javascript (0.6ms)
  Rendered /home/venkat/.rvm/gems/ruby-2.2.2@MurabahaClub/gems/web-console-2.3.0/lib/web_console/templates/error_page.js.erb within layouts/javascript (0.5ms)
  Rendered /home/venkat/.rvm/gems/ruby-2.2.2@MurabahaClub/gems/web-console-2.3.0/lib/web_console/templates/index.html.erb (50.6ms)


Started GET "/accounts/1" for 127.0.0.1 at 2016-02-09 18:22:28 +0530
Processing by AccountsController#show as HTML
  Parameters: {"id"=>"1"}
  [1m[35mAccount Load (0.2ms)[0m  SELECT  "accounts".* FROM "accounts" WHERE "accounts"."id" = $1 LIMIT 1  [["id", 1]]
  Rendered accounts/show.html.erb within layouts/application (1.0ms)
Completed 200 OK in 21ms (Views: 19.4ms | ActiveRecord: 0.2ms)


Started GET "/assets/accounts.self-e3b0c44298fc1c149afbf4c8996fb92427ae41e4649b934ca495991b7852b855.css?body=1" for 127.0.0.1 at 2016-02-09 18:22:28 +0530


Started GET "/assets/application.self-e80e8f2318043e8af94dddc2adad5a4f09739a8ebb323b3ab31cd71d45fd9113.css?body=1" for 127.0.0.1 at 2016-02-09 18:22:28 +0530


Started GET "/assets/jquery.self-c64a74367bda6ef8b860f19e74df08927ca99d2be2ac934e9e92d5fd361e0da4.js?body=1" for 127.0.0.1 at 2016-02-09 18:22:28 +0530


Started GET "/assets/scaffolds.self-8ab076a2003b13e0104c76142ebf8d18d992d1d782409ce9d3a982804e150b4f.css?body=1" for 127.0.0.1 at 2016-02-09 18:22:28 +0530


Started GET "/assets/jquery_ujs.self-d602bdfe68ffc63b9f9cc512872aa3cfff046228a0a36e90dd476e8ef54c1b09.js?body=1" for 127.0.0.1 at 2016-02-09 18:22:28 +0530


Started GET "/assets/turbolinks.self-c37727e9bd6b2735da5c311aa83fead54ed0be6cc8bd9a65309e9c5abe2cbfff.js?body=1" for 127.0.0.1 at 2016-02-09 18:22:28 +0530


Started GET "/assets/accounts.self-877aef30ae1b040ab8a3aba4e3e309a11d7f2612f44dde450b5c157aa5f95c05.js?body=1" for 127.0.0.1 at 2016-02-09 18:22:28 +0530


Started GET "/assets/application.self-3b8dabdc891efe46b9a144b400ad69e37d7e5876bdc39dee783419a69d7ca819.js?body=1" for 127.0.0.1 at 2016-02-09 18:22:28 +0530


Started GET "/accounts" for 127.0.0.1 at 2016-02-09 18:22:31 +0530
Processing by AccountsController#index as HTML
  [1m[36mAccount Load (0.9ms)[0m  [1mSELECT "accounts".* FROM "accounts"[0m
  Rendered accounts/index.html.erb within layouts/application (4.6ms)
Completed 200 OK in 31ms (Views: 27.9ms | ActiveRecord: 0.9ms)


Started GET "/accounts/1" for 127.0.0.1 at 2016-02-09 18:22:33 +0530
Processing by AccountsController#show as HTML
  Parameters: {"id"=>"1"}
  [1m[35mAccount Load (0.3ms)[0m  SELECT  "accounts".* FROM "accounts" WHERE "accounts"."id" = $1 LIMIT 1  [["id", 1]]
  Rendered accounts/show.html.erb within layouts/application (1.0ms)
Completed 200 OK in 51ms (Views: 49.1ms | ActiveRecord: 0.3ms)


Started GET "/accounts" for 127.0.0.1 at 2016-02-09 18:22:35 +0530
Processing by AccountsController#index as HTML
  [1m[36mAccount Load (0.6ms)[0m  [1mSELECT "accounts".* FROM "accounts"[0m
  Rendered accounts/index.html.erb within layouts/application (2.8ms)
Completed 200 OK in 22ms (Views: 20.5ms | ActiveRecord: 0.6ms)


Started GET "/accounts/2" for 127.0.0.1 at 2016-02-09 18:22:36 +0530
Processing by AccountsController#show as HTML
  Parameters: {"id"=>"2"}
  [1m[35mAccount Load (0.5ms)[0m  SELECT  "accounts".* FROM "accounts" WHERE "accounts"."id" = $1 LIMIT 1  [["id", 2]]
  Rendered accounts/show.html.erb within layouts/application (0.4ms)
Completed 200 OK in 20ms (Views: 17.3ms | ActiveRecord: 0.5ms)


Started GET "/accounts" for 127.0.0.1 at 2016-02-09 18:22:37 +0530
Processing by AccountsController#index as HTML
  [1m[36mAccount Load (0.7ms)[0m  [1mSELECT "accounts".* FROM "accounts"[0m
  Rendered accounts/index.html.erb within layouts/application (2.1ms)
Completed 200 OK in 20ms (Views: 19.1ms | ActiveRecord: 0.7ms)


Started GET "/accounts" for 127.0.0.1 at 2016-02-09 18:23:17 +0530
Processing by AccountsController#index as HTML
  [1m[35mAccount Load (0.6ms)[0m  SELECT "accounts".* FROM "accounts"
  Rendered accounts/index.html.erb within layouts/application (12.0ms)
Completed 200 OK in 38ms (Views: 27.0ms | ActiveRecord: 4.6ms)


Started GET "/accounts" for 127.0.0.1 at 2016-02-09 18:23:19 +0530
Processing by AccountsController#index as HTML
  [1m[36mAccount Load (0.4ms)[0m  [1mSELECT "accounts".* FROM "accounts"[0m
  Rendered accounts/index.html.erb within layouts/application (1.9ms)
Completed 200 OK in 22ms (Views: 20.8ms | ActiveRecord: 0.4ms)


Started GET "/assets/accounts.self-e3b0c44298fc1c149afbf4c8996fb92427ae41e4649b934ca495991b7852b855.css?body=1" for 127.0.0.1 at 2016-02-09 18:23:19 +0530


Started GET "/assets/scaffolds.self-8ab076a2003b13e0104c76142ebf8d18d992d1d782409ce9d3a982804e150b4f.css?body=1" for 127.0.0.1 at 2016-02-09 18:23:19 +0530


Started GET "/assets/turbolinks.self-c37727e9bd6b2735da5c311aa83fead54ed0be6cc8bd9a65309e9c5abe2cbfff.js?body=1" for 127.0.0.1 at 2016-02-09 18:23:19 +0530


Started GET "/assets/jquery.self-c64a74367bda6ef8b860f19e74df08927ca99d2be2ac934e9e92d5fd361e0da4.js?body=1" for 127.0.0.1 at 2016-02-09 18:23:19 +0530


Started GET "/assets/application.self-e80e8f2318043e8af94dddc2adad5a4f09739a8ebb323b3ab31cd71d45fd9113.css?body=1" for 127.0.0.1 at 2016-02-09 18:23:19 +0530


Started GET "/assets/jquery_ujs.self-d602bdfe68ffc63b9f9cc512872aa3cfff046228a0a36e90dd476e8ef54c1b09.js?body=1" for 127.0.0.1 at 2016-02-09 18:23:19 +0530


Started GET "/assets/accounts.self-877aef30ae1b040ab8a3aba4e3e309a11d7f2612f44dde450b5c157aa5f95c05.js?body=1" for 127.0.0.1 at 2016-02-09 18:23:19 +0530


Started GET "/assets/application.self-3b8dabdc891efe46b9a144b400ad69e37d7e5876bdc39dee783419a69d7ca819.js?body=1" for 127.0.0.1 at 2016-02-09 18:23:20 +0530


Started GET "/accounts/new" for 127.0.0.1 at 2016-02-09 18:23:21 +0530
Processing by AccountsController#new as HTML
  Rendered accounts/_form.html.erb (4.2ms)
  Rendered accounts/new.html.erb within layouts/application (6.5ms)
Completed 200 OK in 29ms (Views: 27.0ms | ActiveRecord: 0.0ms)


Started POST "/accounts" for 127.0.0.1 at 2016-02-09 18:23:28 +0530
Processing by AccountsController#create as HTML
  Parameters: {"utf8"=>"✓", "authenticity_token"=>"BY7udtC/a41SdWnALnboZIISITnE2lcJZ0ImuKkHPpisudr9stYMHUzkBtEM12dVs3PaZkbLQpa+kaecJSn2fQ==", "account"=>{"name"=>"asdfa", "avatar"=>#<ActionDispatch::Http::UploadedFile:0xb1edbac8 @tempfile=#<Tempfile:/tmp/RackMultipart20160209-7836-ldkmko.jpg>, @original_filename="feeling.jpg", @content_type="image/jpeg", @headers="Content-Disposition: form-data; name=\"account[avatar]\"; filename=\"feeling.jpg\"\r\nContent-Type: image/jpeg\r\n">}, "commit"=>"Create Account"}
  [1m[35m (0.2ms)[0m  BEGIN
  [1m[36mSQL (0.3ms)[0m  [1mINSERT INTO "accounts" ("name", "avatar", "created_at", "updated_at") VALUES ($1, $2, $3, $4) RETURNING "id"[0m  [["name", "asdfa"], ["avatar", "feeling.jpg"], ["created_at", "2016-02-09 12:53:28.286404"], ["updated_at", "2016-02-09 12:53:28.286404"]]
  [1m[35m (71.0ms)[0m  COMMIT
Redirected to http://localhost:3000/accounts/3
Completed 302 Found in 92ms (ActiveRecord: 71.5ms)


Started GET "/accounts/3" for 127.0.0.1 at 2016-02-09 18:23:28 +0530
Processing by AccountsController#show as HTML
  Parameters: {"id"=>"3"}
  [1m[36mAccount Load (0.3ms)[0m  [1mSELECT  "accounts".* FROM "accounts" WHERE "accounts"."id" = $1 LIMIT 1[0m  [["id", 3]]
  Rendered accounts/show.html.erb within layouts/application (1.2ms)
Completed 200 OK in 22ms (Views: 20.1ms | ActiveRecord: 0.3ms)


Started GET "/accounts" for 127.0.0.1 at 2016-02-09 18:23:32 +0530
Processing by AccountsController#index as HTML
  [1m[35mAccount Load (0.7ms)[0m  SELECT "accounts".* FROM "accounts"
  Rendered accounts/index.html.erb within layouts/application (3.5ms)
Completed 200 OK in 25ms (Views: 23.0ms | ActiveRecord: 0.7ms)


Started GET "/accounts/new" for 127.0.0.1 at 2016-02-09 18:23:37 +0530
Processing by AccountsController#new as HTML
  Rendered accounts/_form.html.erb (1.7ms)
  Rendered accounts/new.html.erb within layouts/application (2.6ms)
Completed 200 OK in 21ms (Views: 19.8ms | ActiveRecord: 0.0ms)


Started POST "/accounts" for 127.0.0.1 at 2016-02-09 18:23:47 +0530
Processing by AccountsController#create as HTML
  Parameters: {"utf8"=>"✓", "authenticity_token"=>"PdymlSBhBhips8oCRvL1gVnIbbC8Z/XbXC1/MpbslOeU65IeQghhiLcipRNkU3qwaKmW7z524ESF/v4WGsJcAg==", "account"=>{"name"=>"sdfasdf", "avatar"=>#<ActionDispatch::Http::UploadedFile:0x9861880 @tempfile=#<Tempfile:/tmp/RackMultipart20160209-7836-hkin9y.jpg>, @original_filename="Grunge-Sky-grunge-sky-1920x1200vjpg.jpg", @content_type="image/jpeg", @headers="Content-Disposition: form-data; name=\"account[avatar]\"; filename=\"Grunge-Sky-grunge-sky-1920x1200vjpg.jpg\"\r\nContent-Type: image/jpeg\r\n">}, "commit"=>"Create Account"}
  [1m[36m (0.3ms)[0m  [1mBEGIN[0m
  [1m[35mSQL (0.6ms)[0m  INSERT INTO "accounts" ("name", "avatar", "created_at", "updated_at") VALUES ($1, $2, $3, $4) RETURNING "id"  [["name", "sdfasdf"], ["avatar", "Grunge-Sky-grunge-sky-1920x1200vjpg.jpg"], ["created_at", "2016-02-09 12:53:47.478239"], ["updated_at", "2016-02-09 12:53:47.478239"]]
  [1m[36m (50.7ms)[0m  [1mCOMMIT[0m
Redirected to http://localhost:3000/accounts/4
Completed 302 Found in 70ms (ActiveRecord: 51.6ms)


Started GET "/accounts/4" for 127.0.0.1 at 2016-02-09 18:23:47 +0530
Processing by AccountsController#show as HTML
  Parameters: {"id"=>"4"}
  [1m[35mAccount Load (0.5ms)[0m  SELECT  "accounts".* FROM "accounts" WHERE "accounts"."id" = $1 LIMIT 1  [["id", 4]]
  Rendered accounts/show.html.erb within layouts/application (0.7ms)
Completed 200 OK in 26ms (Views: 24.8ms | ActiveRecord: 0.5ms)


Started GET "/" for 127.0.0.1 at 2016-02-09 18:26:02 +0530
Processing by AccountsController#index as HTML
Completed 500 Internal Server Error in 9ms (ActiveRecord: 3.1ms)

NoMethodError (undefined method `mount_uploaders' for #<Class:0xb22e4d90>):
  app/models/account.rb:2:in `<class:Account>'
  app/models/account.rb:1:in `<top (required)>'
  app/controllers/accounts_controller.rb:7:in `index'


  Rendered /home/venkat/.rvm/gems/ruby-2.2.2@MurabahaClub/gems/actionpack-4.2.1/lib/action_dispatch/middleware/templates/rescues/_source.erb (10.9ms)
  Rendered /home/venkat/.rvm/gems/ruby-2.2.2@MurabahaClub/gems/actionpack-4.2.1/lib/action_dispatch/middleware/templates/rescues/_trace.html.erb (3.9ms)
  Rendered /home/venkat/.rvm/gems/ruby-2.2.2@MurabahaClub/gems/actionpack-4.2.1/lib/action_dispatch/middleware/templates/rescues/_request_and_response.html.erb (1.2ms)
  Rendered /home/venkat/.rvm/gems/ruby-2.2.2@MurabahaClub/gems/actionpack-4.2.1/lib/action_dispatch/middleware/templates/rescues/diagnostics.html.erb within rescues/layout (37.4ms)
  Rendered /home/venkat/.rvm/gems/ruby-2.2.2@MurabahaClub/gems/web-console-2.3.0/lib/web_console/templates/_markup.html.erb (0.6ms)
  Rendered /home/venkat/.rvm/gems/ruby-2.2.2@MurabahaClub/gems/web-console-2.3.0/lib/web_console/templates/_inner_console_markup.html.erb within layouts/inlined_string (0.4ms)
  Rendered /home/venkat/.rvm/gems/ruby-2.2.2@MurabahaClub/gems/web-console-2.3.0/lib/web_console/templates/_prompt_box_markup.html.erb within layouts/inlined_string (0.5ms)
  Rendered /home/venkat/.rvm/gems/ruby-2.2.2@MurabahaClub/gems/web-console-2.3.0/lib/web_console/templates/style.css.erb within layouts/inlined_string (0.4ms)
  Rendered /home/venkat/.rvm/gems/ruby-2.2.2@MurabahaClub/gems/web-console-2.3.0/lib/web_console/templates/console.js.erb within layouts/javascript (23.8ms)
  Rendered /home/venkat/.rvm/gems/ruby-2.2.2@MurabahaClub/gems/web-console-2.3.0/lib/web_console/templates/main.js.erb within layouts/javascript (0.6ms)
  Rendered /home/venkat/.rvm/gems/ruby-2.2.2@MurabahaClub/gems/web-console-2.3.0/lib/web_console/templates/error_page.js.erb within layouts/javascript (0.6ms)
  Rendered /home/venkat/.rvm/gems/ruby-2.2.2@MurabahaClub/gems/web-console-2.3.0/lib/web_console/templates/index.html.erb (49.5ms)


Started GET "/" for 127.0.0.1 at 2016-02-09 18:26:02 +0530
Processing by AccountsController#index as HTML
Completed 500 Internal Server Error in 14ms (ActiveRecord: 7.2ms)

NoMethodError (undefined method `mount_uploaders' for #<Class:0xb4ad5d90>):
  app/models/account.rb:2:in `<class:Account>'
  app/models/account.rb:1:in `<top (required)>'
  app/controllers/accounts_controller.rb:7:in `index'


  Rendered /home/venkat/.rvm/gems/ruby-2.2.2@MurabahaClub/gems/actionpack-4.2.1/lib/action_dispatch/middleware/templates/rescues/_source.erb (9.2ms)
  Rendered /home/venkat/.rvm/gems/ruby-2.2.2@MurabahaClub/gems/actionpack-4.2.1/lib/action_dispatch/middleware/templates/rescues/_trace.html.erb (4.4ms)
  Rendered /home/venkat/.rvm/gems/ruby-2.2.2@MurabahaClub/gems/actionpack-4.2.1/lib/action_dispatch/middleware/templates/rescues/_request_and_response.html.erb (1.7ms)
  Rendered /home/venkat/.rvm/gems/ruby-2.2.2@MurabahaClub/gems/actionpack-4.2.1/lib/action_dispatch/middleware/templates/rescues/diagnostics.html.erb within rescues/layout (35.8ms)
  Rendered /home/venkat/.rvm/gems/ruby-2.2.2@MurabahaClub/gems/web-console-2.3.0/lib/web_console/templates/_markup.html.erb (0.6ms)
  Rendered /home/venkat/.rvm/gems/ruby-2.2.2@MurabahaClub/gems/web-console-2.3.0/lib/web_console/templates/_inner_console_markup.html.erb within layouts/inlined_string (0.4ms)
  Rendered /home/venkat/.rvm/gems/ruby-2.2.2@MurabahaClub/gems/web-console-2.3.0/lib/web_console/templates/_prompt_box_markup.html.erb within layouts/inlined_string (0.6ms)
  Rendered /home/venkat/.rvm/gems/ruby-2.2.2@MurabahaClub/gems/web-console-2.3.0/lib/web_console/templates/style.css.erb within layouts/inlined_string (0.5ms)
  Rendered /home/venkat/.rvm/gems/ruby-2.2.2@MurabahaClub/gems/web-console-2.3.0/lib/web_console/templates/console.js.erb within layouts/javascript (25.5ms)
  Rendered /home/venkat/.rvm/gems/ruby-2.2.2@MurabahaClub/gems/web-console-2.3.0/lib/web_console/templates/main.js.erb within layouts/javascript (0.4ms)
  Rendered /home/venkat/.rvm/gems/ruby-2.2.2@MurabahaClub/gems/web-console-2.3.0/lib/web_console/templates/error_page.js.erb within layouts/javascript (0.5ms)
  Rendered /home/venkat/.rvm/gems/ruby-2.2.2@MurabahaClub/gems/web-console-2.3.0/lib/web_console/templates/index.html.erb (51.2ms)
  [1m[36mActiveRecord::SchemaMigration Load (0.9ms)[0m  [1mSELECT "schema_migrations".* FROM "schema_migrations"[0m
Migrating to AddImagesToAccounts (20160209125854)
  [1m[35m (0.3ms)[0m  BEGIN
  [1m[36m (2.0ms)[0m  [1mALTER TABLE "accounts" ADD "images" json[0m
  [1m[35mSQL (0.5ms)[0m  INSERT INTO "schema_migrations" ("version") VALUES ($1)  [["version", "20160209125854"]]
  [1m[36m (22.3ms)[0m  [1mCOMMIT[0m
  [1m[35mActiveRecord::SchemaMigration Load (0.7ms)[0m  SELECT "schema_migrations".* FROM "schema_migrations"
  [1m[36m (4.6ms)[0m  [1mSELECT t2.oid::regclass::text AS to_table, a1.attname AS column, a2.attname AS primary_key, c.conname AS name, c.confupdtype AS on_update, c.confdeltype AS on_delete
FROM pg_constraint c
JOIN pg_class t1 ON c.conrelid = t1.oid
JOIN pg_class t2 ON c.confrelid = t2.oid
JOIN pg_attribute a1 ON a1.attnum = c.conkey[1] AND a1.attrelid = t1.oid
JOIN pg_attribute a2 ON a2.attnum = c.confkey[1] AND a2.attrelid = t2.oid
JOIN pg_namespace t3 ON c.connamespace = t3.oid
WHERE c.contype = 'f'
  AND t1.relname = 'accounts'
  AND t3.nspname = ANY (current_schemas(false))
ORDER BY c.conname
[0m


Started GET "/" for 127.0.0.1 at 2016-02-09 18:29:32 +0530
  [1m[36mActiveRecord::SchemaMigration Load (0.2ms)[0m  [1mSELECT "schema_migrations".* FROM "schema_migrations"[0m
Processing by AccountsController#index as HTML
Completed 500 Internal Server Error in 7ms (ActiveRecord: 1.5ms)

NoMethodError (undefined method `mount_uploaders' for #<Class:0xb26eb2e0>):
  app/models/account.rb:2:in `<class:Account>'
  app/models/account.rb:1:in `<top (required)>'
  app/controllers/accounts_controller.rb:7:in `index'


  Rendered /home/venkat/.rvm/gems/ruby-2.2.2@MurabahaClub/gems/actionpack-4.2.1/lib/action_dispatch/middleware/templates/rescues/_source.erb (8.9ms)
  Rendered /home/venkat/.rvm/gems/ruby-2.2.2@MurabahaClub/gems/actionpack-4.2.1/lib/action_dispatch/middleware/templates/rescues/_trace.html.erb (3.5ms)
  Rendered /home/venkat/.rvm/gems/ruby-2.2.2@MurabahaClub/gems/actionpack-4.2.1/lib/action_dispatch/middleware/templates/rescues/_request_and_response.html.erb (1.2ms)
  Rendered /home/venkat/.rvm/gems/ruby-2.2.2@MurabahaClub/gems/actionpack-4.2.1/lib/action_dispatch/middleware/templates/rescues/diagnostics.html.erb within rescues/layout (35.2ms)
  Rendered /home/venkat/.rvm/gems/ruby-2.2.2@MurabahaClub/gems/web-console-2.3.0/lib/web_console/templates/_markup.html.erb (0.5ms)
  Rendered /home/venkat/.rvm/gems/ruby-2.2.2@MurabahaClub/gems/web-console-2.3.0/lib/web_console/templates/_inner_console_markup.html.erb within layouts/inlined_string (0.5ms)
  Rendered /home/venkat/.rvm/gems/ruby-2.2.2@MurabahaClub/gems/web-console-2.3.0/lib/web_console/templates/_prompt_box_markup.html.erb within layouts/inlined_string (0.3ms)
  Rendered /home/venkat/.rvm/gems/ruby-2.2.2@MurabahaClub/gems/web-console-2.3.0/lib/web_console/templates/style.css.erb within layouts/inlined_string (0.5ms)
  Rendered /home/venkat/.rvm/gems/ruby-2.2.2@MurabahaClub/gems/web-console-2.3.0/lib/web_console/templates/console.js.erb within layouts/javascript (24.2ms)
  Rendered /home/venkat/.rvm/gems/ruby-2.2.2@MurabahaClub/gems/web-console-2.3.0/lib/web_console/templates/main.js.erb within layouts/javascript (0.3ms)
  Rendered /home/venkat/.rvm/gems/ruby-2.2.2@MurabahaClub/gems/web-console-2.3.0/lib/web_console/templates/error_page.js.erb within layouts/javascript (0.6ms)
  Rendered /home/venkat/.rvm/gems/ruby-2.2.2@MurabahaClub/gems/web-console-2.3.0/lib/web_console/templates/index.html.erb (47.5ms)


Started GET "/" for 127.0.0.1 at 2016-02-09 18:29:49 +0530
  [1m[36mActiveRecord::SchemaMigration Load (1.1ms)[0m  [1mSELECT "schema_migrations".* FROM "schema_migrations"[0m
Processing by AccountsController#index as HTML
  [1m[35mAccount Load (1.3ms)[0m  SELECT "accounts".* FROM "accounts"
  Rendered accounts/index.html.erb within layouts/application (24.3ms)
Completed 200 OK in 366ms (Views: 339.5ms | ActiveRecord: 8.2ms)


Started GET "/assets/accounts.self-e3b0c44298fc1c149afbf4c8996fb92427ae41e4649b934ca495991b7852b855.css?body=1" for 127.0.0.1 at 2016-02-09 18:29:50 +0530


Started GET "/assets/scaffolds.self-8ab076a2003b13e0104c76142ebf8d18d992d1d782409ce9d3a982804e150b4f.css?body=1" for 127.0.0.1 at 2016-02-09 18:29:50 +0530


Started GET "/assets/application.self-e80e8f2318043e8af94dddc2adad5a4f09739a8ebb323b3ab31cd71d45fd9113.css?body=1" for 127.0.0.1 at 2016-02-09 18:29:50 +0530


Started GET "/assets/jquery_ujs.self-d602bdfe68ffc63b9f9cc512872aa3cfff046228a0a36e90dd476e8ef54c1b09.js?body=1" for 127.0.0.1 at 2016-02-09 18:29:50 +0530


Started GET "/assets/turbolinks.self-c37727e9bd6b2735da5c311aa83fead54ed0be6cc8bd9a65309e9c5abe2cbfff.js?body=1" for 127.0.0.1 at 2016-02-09 18:29:50 +0530


Started GET "/assets/jquery.self-c64a74367bda6ef8b860f19e74df08927ca99d2be2ac934e9e92d5fd361e0da4.js?body=1" for 127.0.0.1 at 2016-02-09 18:29:50 +0530


Started GET "/assets/application.self-3b8dabdc891efe46b9a144b400ad69e37d7e5876bdc39dee783419a69d7ca819.js?body=1" for 127.0.0.1 at 2016-02-09 18:29:50 +0530


Started GET "/assets/accounts.self-877aef30ae1b040ab8a3aba4e3e309a11d7f2612f44dde450b5c157aa5f95c05.js?body=1" for 127.0.0.1 at 2016-02-09 18:29:50 +0530


Started GET "/accounts/new" for 127.0.0.1 at 2016-02-09 18:29:52 +0530
Processing by AccountsController#new as HTML
  Rendered accounts/_form.html.erb (24.7ms)
  Rendered accounts/new.html.erb within layouts/application (61.7ms)
Completed 200 OK in 80ms (Views: 79.5ms | ActiveRecord: 0.0ms)


Started POST "/accounts" for 127.0.0.1 at 2016-02-09 18:30:06 +0530
Processing by AccountsController#create as HTML
  Parameters: {"utf8"=>"✓", "authenticity_token"=>"MZi55u9DPZihNZuuVATggmKW4l6d2yi4xVcsvad6QFeYr41tjSpaCL+k9L92pW+zU/cZAR/KPScchK2ZK1SIsg==", "account"=>{"name"=>"multi files", "images"=>[#<ActionDispatch::Http::UploadedFile:0xb3507428 @tempfile=#<Tempfile:/tmp/RackMultipart20160209-9093-rnlj5c.jpg>, @original_filename="Grunge-Sky-grunge-sky-1920x1200vjpg.jpg", @content_type="image/jpeg", @headers="Content-Disposition: form-data; name=\"account[images][]\"; filename=\"Grunge-Sky-grunge-sky-1920x1200vjpg.jpg\"\r\nContent-Type: image/jpeg\r\n">]}, "commit"=>"Create Account"}
  [1m[36m (0.2ms)[0m  [1mBEGIN[0m
  [1m[35mSQL (0.7ms)[0m  INSERT INTO "accounts" ("name", "images", "created_at", "updated_at") VALUES ($1, $2, $3, $4) RETURNING "id"  [["name", "multi files"], ["images", "[\"Grunge-Sky-grunge-sky-1920x1200vjpg.jpg\"]"], ["created_at", "2016-02-09 13:00:06.227329"], ["updated_at", "2016-02-09 13:00:06.227329"]]
  [1m[36m (45.1ms)[0m  [1mCOMMIT[0m
Redirected to http://localhost:3000/accounts/5
Completed 302 Found in 67ms (ActiveRecord: 46.3ms)


Started GET "/accounts/5" for 127.0.0.1 at 2016-02-09 18:30:06 +0530
Processing by AccountsController#show as HTML
  Parameters: {"id"=>"5"}
  [1m[35mAccount Load (0.5ms)[0m  SELECT  "accounts".* FROM "accounts" WHERE "accounts"."id" = $1 LIMIT 1  [["id", 5]]
  Rendered accounts/show.html.erb within layouts/application (1.0ms)
Completed 200 OK in 26ms (Views: 18.1ms | ActiveRecord: 0.5ms)


Started GET "/accounts/5" for 127.0.0.1 at 2016-02-09 18:31:07 +0530
Processing by AccountsController#show as HTML
  Parameters: {"id"=>"5"}
  [1m[36mAccount Load (0.4ms)[0m  [1mSELECT  "accounts".* FROM "accounts" WHERE "accounts"."id" = $1 LIMIT 1[0m  [["id", 5]]
  Rendered accounts/show.html.erb within layouts/application (3.6ms)
Completed 200 OK in 24ms (Views: 22.1ms | ActiveRecord: 0.4ms)


Started GET "/assets/accounts.self-e3b0c44298fc1c149afbf4c8996fb92427ae41e4649b934ca495991b7852b855.css?body=1" for 127.0.0.1 at 2016-02-09 18:31:07 +0530


Started GET "/assets/application.self-e80e8f2318043e8af94dddc2adad5a4f09739a8ebb323b3ab31cd71d45fd9113.css?body=1" for 127.0.0.1 at 2016-02-09 18:31:07 +0530


Started GET "/assets/jquery.self-c64a74367bda6ef8b860f19e74df08927ca99d2be2ac934e9e92d5fd361e0da4.js?body=1" for 127.0.0.1 at 2016-02-09 18:31:07 +0530


Started GET "/assets/turbolinks.self-c37727e9bd6b2735da5c311aa83fead54ed0be6cc8bd9a65309e9c5abe2cbfff.js?body=1" for 127.0.0.1 at 2016-02-09 18:31:07 +0530


Started GET "/assets/scaffolds.self-8ab076a2003b13e0104c76142ebf8d18d992d1d782409ce9d3a982804e150b4f.css?body=1" for 127.0.0.1 at 2016-02-09 18:31:07 +0530


Started GET "/assets/jquery_ujs.self-d602bdfe68ffc63b9f9cc512872aa3cfff046228a0a36e90dd476e8ef54c1b09.js?body=1" for 127.0.0.1 at 2016-02-09 18:31:07 +0530


Started GET "/assets/accounts.self-877aef30ae1b040ab8a3aba4e3e309a11d7f2612f44dde450b5c157aa5f95c05.js?body=1" for 127.0.0.1 at 2016-02-09 18:31:07 +0530


Started GET "/assets/application.self-3b8dabdc891efe46b9a144b400ad69e37d7e5876bdc39dee783419a69d7ca819.js?body=1" for 127.0.0.1 at 2016-02-09 18:31:07 +0530


Started GET "/accounts/5" for 127.0.0.1 at 2016-02-09 18:32:11 +0530
Processing by AccountsController#show as HTML
  Parameters: {"id"=>"5"}
  [1m[35mAccount Load (0.4ms)[0m  SELECT  "accounts".* FROM "accounts" WHERE "accounts"."id" = $1 LIMIT 1  [["id", 5]]
  Rendered accounts/show.html.erb within layouts/application (1.3ms)
Completed 200 OK in 27ms (Views: 24.4ms | ActiveRecord: 0.4ms)


Started GET "/assets/accounts.self-e3b0c44298fc1c149afbf4c8996fb92427ae41e4649b934ca495991b7852b855.css?body=1" for 127.0.0.1 at 2016-02-09 18:32:11 +0530


Started GET "/assets/scaffolds.self-8ab076a2003b13e0104c76142ebf8d18d992d1d782409ce9d3a982804e150b4f.css?body=1" for 127.0.0.1 at 2016-02-09 18:32:11 +0530


Started GET "/assets/jquery.self-c64a74367bda6ef8b860f19e74df08927ca99d2be2ac934e9e92d5fd361e0da4.js?body=1" for 127.0.0.1 at 2016-02-09 18:32:11 +0530


Started GET "/assets/jquery_ujs.self-d602bdfe68ffc63b9f9cc512872aa3cfff046228a0a36e90dd476e8ef54c1b09.js?body=1" for 127.0.0.1 at 2016-02-09 18:32:11 +0530


Started GET "/assets/turbolinks.self-c37727e9bd6b2735da5c311aa83fead54ed0be6cc8bd9a65309e9c5abe2cbfff.js?body=1" for 127.0.0.1 at 2016-02-09 18:32:11 +0530


Started GET "/assets/application.self-e80e8f2318043e8af94dddc2adad5a4f09739a8ebb323b3ab31cd71d45fd9113.css?body=1" for 127.0.0.1 at 2016-02-09 18:32:11 +0530


Started GET "/assets/accounts.self-877aef30ae1b040ab8a3aba4e3e309a11d7f2612f44dde450b5c157aa5f95c05.js?body=1" for 127.0.0.1 at 2016-02-09 18:32:11 +0530


Started GET "/assets/application.self-3b8dabdc891efe46b9a144b400ad69e37d7e5876bdc39dee783419a69d7ca819.js?body=1" for 127.0.0.1 at 2016-02-09 18:32:11 +0530


Started GET "/accounts/5" for 127.0.0.1 at 2016-02-09 18:32:39 +0530
Processing by AccountsController#show as HTML
  Parameters: {"id"=>"5"}
  [1m[36mAccount Load (0.5ms)[0m  [1mSELECT  "accounts".* FROM "accounts" WHERE "accounts"."id" = $1 LIMIT 1[0m  [["id", 5]]
  Rendered accounts/show.html.erb within layouts/application (1.7ms)
Completed 200 OK in 22ms (Views: 20.0ms | ActiveRecord: 0.5ms)


Started GET "/assets/accounts.self-e3b0c44298fc1c149afbf4c8996fb92427ae41e4649b934ca495991b7852b855.css?body=1" for 127.0.0.1 at 2016-02-09 18:32:39 +0530


Started GET "/assets/scaffolds.self-8ab076a2003b13e0104c76142ebf8d18d992d1d782409ce9d3a982804e150b4f.css?body=1" for 127.0.0.1 at 2016-02-09 18:32:39 +0530


Started GET "/assets/jquery_ujs.self-d602bdfe68ffc63b9f9cc512872aa3cfff046228a0a36e90dd476e8ef54c1b09.js?body=1" for 127.0.0.1 at 2016-02-09 18:32:39 +0530


Started GET "/assets/turbolinks.self-c37727e9bd6b2735da5c311aa83fead54ed0be6cc8bd9a65309e9c5abe2cbfff.js?body=1" for 127.0.0.1 at 2016-02-09 18:32:39 +0530


Started GET "/assets/jquery.self-c64a74367bda6ef8b860f19e74df08927ca99d2be2ac934e9e92d5fd361e0da4.js?body=1" for 127.0.0.1 at 2016-02-09 18:32:39 +0530


Started GET "/assets/application.self-e80e8f2318043e8af94dddc2adad5a4f09739a8ebb323b3ab31cd71d45fd9113.css?body=1" for 127.0.0.1 at 2016-02-09 18:32:39 +0530


Started GET "/assets/accounts.self-877aef30ae1b040ab8a3aba4e3e309a11d7f2612f44dde450b5c157aa5f95c05.js?body=1" for 127.0.0.1 at 2016-02-09 18:32:39 +0530


Started GET "/assets/application.self-3b8dabdc891efe46b9a144b400ad69e37d7e5876bdc39dee783419a69d7ca819.js?body=1" for 127.0.0.1 at 2016-02-09 18:32:39 +0530


Started GET "/accounts/5" for 127.0.0.1 at 2016-02-09 18:32:50 +0530
Processing by AccountsController#show as HTML
  Parameters: {"id"=>"5"}
  [1m[35mAccount Load (0.6ms)[0m  SELECT  "accounts".* FROM "accounts" WHERE "accounts"."id" = $1 LIMIT 1  [["id", 5]]
  Rendered accounts/show.html.erb within layouts/application (2.1ms)
Completed 200 OK in 24ms (Views: 21.8ms | ActiveRecord: 0.6ms)


Started GET "/assets/scaffolds.self-8ab076a2003b13e0104c76142ebf8d18d992d1d782409ce9d3a982804e150b4f.css?body=1" for 127.0.0.1 at 2016-02-09 18:32:51 +0530


Started GET "/assets/turbolinks.self-c37727e9bd6b2735da5c311aa83fead54ed0be6cc8bd9a65309e9c5abe2cbfff.js?body=1" for 127.0.0.1 at 2016-02-09 18:32:51 +0530


Started GET "/assets/jquery.self-c64a74367bda6ef8b860f19e74df08927ca99d2be2ac934e9e92d5fd361e0da4.js?body=1" for 127.0.0.1 at 2016-02-09 18:32:51 +0530


Started GET "/assets/accounts.self-877aef30ae1b040ab8a3aba4e3e309a11d7f2612f44dde450b5c157aa5f95c05.js?body=1" for 127.0.0.1 at 2016-02-09 18:32:51 +0530


Started GET "/assets/accounts.self-e3b0c44298fc1c149afbf4c8996fb92427ae41e4649b934ca495991b7852b855.css?body=1" for 127.0.0.1 at 2016-02-09 18:32:51 +0530


Started GET "/assets/application.self-e80e8f2318043e8af94dddc2adad5a4f09739a8ebb323b3ab31cd71d45fd9113.css?body=1" for 127.0.0.1 at 2016-02-09 18:32:51 +0530


Started GET "/assets/jquery_ujs.self-d602bdfe68ffc63b9f9cc512872aa3cfff046228a0a36e90dd476e8ef54c1b09.js?body=1" for 127.0.0.1 at 2016-02-09 18:32:51 +0530


Started GET "/assets/application.self-3b8dabdc891efe46b9a144b400ad69e37d7e5876bdc39dee783419a69d7ca819.js?body=1" for 127.0.0.1 at 2016-02-09 18:32:51 +0530


Started GET "/accounts/5" for 127.0.0.1 at 2016-02-09 18:33:00 +0530
Processing by AccountsController#show as HTML
  Parameters: {"id"=>"5"}
  [1m[36mAccount Load (0.6ms)[0m  [1mSELECT  "accounts".* FROM "accounts" WHERE "accounts"."id" = $1 LIMIT 1[0m  [["id", 5]]
  Rendered accounts/show.html.erb within layouts/application (5.9ms)
Completed 500 Internal Server Error in 10ms (ActiveRecord: 0.6ms)

ActionView::Template::Error ([#<AvatarUploader:0xb373f7a4 @model=#<Account id: 5, name: "multi files", created_at: "2016-02-09 13:00:06", updated_at: "2016-02-09 13:00:06", avatar: nil, images: ["Grunge-Sky-grunge-sky-1920x1200vjpg.jpg"]>, @mounted_as=:images, @file=#<CarrierWave::SanitizedFile:0xb373f448 @file="/home/venkat/Documents/current/fileupload/public/uploads/account/images/5/Grunge-Sky-grunge-sky-1920x1200vjpg.jpg", @original_filename=nil, @content_type=nil>, @versions={}, @storage=#<CarrierWave::Storage::File:0xb373f754 @uploader=#<AvatarUploader:0xb373f7a4 ...>>>]):
    3: <p>
    4:   <strong>Name:</strong>
    5:   <%= @account.name %>
    6:   <%= raise @account.images.inspect %>
    7:   <% @account.images.each do |a|%>
    8:   	<%= image_tag(a)%>
    9:   <%end%>
  app/views/accounts/show.html.erb:6:in `_app_views_accounts_show_html_erb__944927524__637396818'


  Rendered /home/venkat/.rvm/gems/ruby-2.2.2@MurabahaClub/gems/actionpack-4.2.1/lib/action_dispatch/middleware/templates/rescues/_source.erb (11.0ms)
  Rendered /home/venkat/.rvm/gems/ruby-2.2.2@MurabahaClub/gems/actionpack-4.2.1/lib/action_dispatch/middleware/templates/rescues/_trace.html.erb (4.0ms)
  Rendered /home/venkat/.rvm/gems/ruby-2.2.2@MurabahaClub/gems/actionpack-4.2.1/lib/action_dispatch/middleware/templates/rescues/_request_and_response.html.erb (1.2ms)
  Rendered /home/venkat/.rvm/gems/ruby-2.2.2@MurabahaClub/gems/actionpack-4.2.1/lib/action_dispatch/middleware/templates/rescues/template_error.html.erb within rescues/layout (36.6ms)
  Rendered /home/venkat/.rvm/gems/ruby-2.2.2@MurabahaClub/gems/web-console-2.3.0/lib/web_console/templates/_markup.html.erb (0.6ms)
  Rendered /home/venkat/.rvm/gems/ruby-2.2.2@MurabahaClub/gems/web-console-2.3.0/lib/web_console/templates/_inner_console_markup.html.erb within layouts/inlined_string (0.3ms)
  Rendered /home/venkat/.rvm/gems/ruby-2.2.2@MurabahaClub/gems/web-console-2.3.0/lib/web_console/templates/_prompt_box_markup.html.erb within layouts/inlined_string (0.3ms)
  Rendered /home/venkat/.rvm/gems/ruby-2.2.2@MurabahaClub/gems/web-console-2.3.0/lib/web_console/templates/style.css.erb within layouts/inlined_string (0.4ms)
  Rendered /home/venkat/.rvm/gems/ruby-2.2.2@MurabahaClub/gems/web-console-2.3.0/lib/web_console/templates/console.js.erb within layouts/javascript (23.1ms)
  Rendered /home/venkat/.rvm/gems/ruby-2.2.2@MurabahaClub/gems/web-console-2.3.0/lib/web_console/templates/main.js.erb within layouts/javascript (0.4ms)
  Rendered /home/venkat/.rvm/gems/ruby-2.2.2@MurabahaClub/gems/web-console-2.3.0/lib/web_console/templates/error_page.js.erb within layouts/javascript (0.5ms)
  Rendered /home/venkat/.rvm/gems/ruby-2.2.2@MurabahaClub/gems/web-console-2.3.0/lib/web_console/templates/index.html.erb (47.3ms)


Started GET "/accounts/5" for 127.0.0.1 at 2016-02-09 18:34:03 +0530
Processing by AccountsController#show as HTML
  Parameters: {"id"=>"5"}
  [1m[35mAccount Load (0.4ms)[0m  SELECT  "accounts".* FROM "accounts" WHERE "accounts"."id" = $1 LIMIT 1  [["id", 5]]
  Rendered accounts/show.html.erb within layouts/application (5.6ms)
Completed 500 Internal Server Error in 10ms (ActiveRecord: 0.4ms)

ActionView::Template::Error (1):
    3: <p>
    4:   <strong>Name:</strong>
    5:   <%= @account.name %>
    6:   <%= raise @account.images.count.inspect %>
    7:   <% @account.images.each do |a|%>
    8:   	<%= image_tag(a)%>
    9:   <%end%>
  app/views/accounts/show.html.erb:6:in `_app_views_accounts_show_html_erb__944927524__641755368'


  Rendered /home/venkat/.rvm/gems/ruby-2.2.2@MurabahaClub/gems/actionpack-4.2.1/lib/action_dispatch/middleware/templates/rescues/_source.erb (9.4ms)
  Rendered /home/venkat/.rvm/gems/ruby-2.2.2@MurabahaClub/gems/actionpack-4.2.1/lib/action_dispatch/middleware/templates/rescues/_trace.html.erb (3.7ms)
  Rendered /home/venkat/.rvm/gems/ruby-2.2.2@MurabahaClub/gems/actionpack-4.2.1/lib/action_dispatch/middleware/templates/rescues/_request_and_response.html.erb (1.2ms)
  Rendered /home/venkat/.rvm/gems/ruby-2.2.2@MurabahaClub/gems/actionpack-4.2.1/lib/action_dispatch/middleware/templates/rescues/template_error.html.erb within rescues/layout (34.2ms)
  Rendered /home/venkat/.rvm/gems/ruby-2.2.2@MurabahaClub/gems/web-console-2.3.0/lib/web_console/templates/_markup.html.erb (0.6ms)
  Rendered /home/venkat/.rvm/gems/ruby-2.2.2@MurabahaClub/gems/web-console-2.3.0/lib/web_console/templates/_inner_console_markup.html.erb within layouts/inlined_string (0.4ms)
  Rendered /home/venkat/.rvm/gems/ruby-2.2.2@MurabahaClub/gems/web-console-2.3.0/lib/web_console/templates/_prompt_box_markup.html.erb within layouts/inlined_string (0.4ms)
  Rendered /home/venkat/.rvm/gems/ruby-2.2.2@MurabahaClub/gems/web-console-2.3.0/lib/web_console/templates/style.css.erb within layouts/inlined_string (0.3ms)
  Rendered /home/venkat/.rvm/gems/ruby-2.2.2@MurabahaClub/gems/web-console-2.3.0/lib/web_console/templates/console.js.erb within layouts/javascript (23.6ms)
  Rendered /home/venkat/.rvm/gems/ruby-2.2.2@MurabahaClub/gems/web-console-2.3.0/lib/web_console/templates/main.js.erb within layouts/javascript (0.5ms)
  Rendered /home/venkat/.rvm/gems/ruby-2.2.2@MurabahaClub/gems/web-console-2.3.0/lib/web_console/templates/error_page.js.erb within layouts/javascript (0.5ms)
  Rendered /home/venkat/.rvm/gems/ruby-2.2.2@MurabahaClub/gems/web-console-2.3.0/lib/web_console/templates/index.html.erb (48.1ms)


Started GET "/accounts/new" for 127.0.0.1 at 2016-02-09 18:34:28 +0530
Processing by AccountsController#new as HTML
  Rendered accounts/_form.html.erb (4.1ms)
  Rendered accounts/new.html.erb within layouts/application (6.2ms)
Completed 200 OK in 34ms (Views: 32.7ms | ActiveRecord: 0.0ms)


Started GET "/assets/accounts.self-e3b0c44298fc1c149afbf4c8996fb92427ae41e4649b934ca495991b7852b855.css?body=1" for 127.0.0.1 at 2016-02-09 18:34:28 +0530


Started GET "/assets/scaffolds.self-8ab076a2003b13e0104c76142ebf8d18d992d1d782409ce9d3a982804e150b4f.css?body=1" for 127.0.0.1 at 2016-02-09 18:34:28 +0530


Started GET "/assets/jquery_ujs.self-d602bdfe68ffc63b9f9cc512872aa3cfff046228a0a36e90dd476e8ef54c1b09.js?body=1" for 127.0.0.1 at 2016-02-09 18:34:28 +0530


Started GET "/assets/turbolinks.self-c37727e9bd6b2735da5c311aa83fead54ed0be6cc8bd9a65309e9c5abe2cbfff.js?body=1" for 127.0.0.1 at 2016-02-09 18:34:28 +0530


Started GET "/assets/application.self-e80e8f2318043e8af94dddc2adad5a4f09739a8ebb323b3ab31cd71d45fd9113.css?body=1" for 127.0.0.1 at 2016-02-09 18:34:28 +0530


Started GET "/assets/jquery.self-c64a74367bda6ef8b860f19e74df08927ca99d2be2ac934e9e92d5fd361e0da4.js?body=1" for 127.0.0.1 at 2016-02-09 18:34:28 +0530


Started GET "/assets/accounts.self-877aef30ae1b040ab8a3aba4e3e309a11d7f2612f44dde450b5c157aa5f95c05.js?body=1" for 127.0.0.1 at 2016-02-09 18:34:28 +0530


Started GET "/assets/application.self-3b8dabdc891efe46b9a144b400ad69e37d7e5876bdc39dee783419a69d7ca819.js?body=1" for 127.0.0.1 at 2016-02-09 18:34:28 +0530


Started POST "/accounts" for 127.0.0.1 at 2016-02-09 18:34:45 +0530
Processing by AccountsController#create as HTML
  Parameters: {"utf8"=>"✓", "authenticity_token"=>"xaHDZJtc3iDprChJ2z6tBLONxlOJfPHDi2KxvH3JtMBslvfv+TW5sPc9R1j5nyI1guw9DAtt5FxSsTCY8ed8JQ==", "account"=>{"name"=>"testing", "images"=>[#<ActionDispatch::Http::UploadedFile:0xb4bb8bcc @tempfile=#<Tempfile:/tmp/RackMultipart20160209-9093-1hyekd6.png>, @original_filename="Screenshot from 2015-10-26 15:22:41.png", @content_type="image/png", @headers="Content-Disposition: form-data; name=\"account[images][]\"; filename=\"Screenshot from 2015-10-26 15:22:41.png\"\r\nContent-Type: image/png\r\n">, #<ActionDispatch::Http::UploadedFile:0xb4bb8b54 @tempfile=#<Tempfile:/tmp/RackMultipart20160209-9093-1qlwega.jpeg>, @original_filename="people.jpeg", @content_type="image/jpeg", @headers="Content-Disposition: form-data; name=\"account[images][]\"; filename=\"people.jpeg\"\r\nContent-Type: image/jpeg\r\n">, #<ActionDispatch::Http::UploadedFile:0xb4bb8aa0 @tempfile=#<Tempfile:/tmp/RackMultipart20160209-9093-1iqjsuc.jpg>, @original_filename="Grunge-Sky-grunge-sky-1920x1200vjpg.jpg", @content_type="image/jpeg", @headers="Content-Disposition: form-data; name=\"account[images][]\"; filename=\"Grunge-Sky-grunge-sky-1920x1200vjpg.jpg\"\r\nContent-Type: image/jpeg\r\n">]}, "commit"=>"Create Account"}
  [1m[36m (0.2ms)[0m  [1mBEGIN[0m
  [1m[35mSQL (0.4ms)[0m  INSERT INTO "accounts" ("name", "images", "created_at", "updated_at") VALUES ($1, $2, $3, $4) RETURNING "id"  [["name", "testing"], ["images", "[\"Screenshot_from_2015-10-26_15_22_41.png\",\"people.jpeg\",\"Grunge-Sky-grunge-sky-1920x1200vjpg.jpg\"]"], ["created_at", "2016-02-09 13:04:45.478437"], ["updated_at", "2016-02-09 13:04:45.478437"]]
  [1m[36m (43.7ms)[0m  [1mCOMMIT[0m
Redirected to http://localhost:3000/accounts/6
Completed 302 Found in 59ms (ActiveRecord: 44.2ms)


Started GET "/accounts/6" for 127.0.0.1 at 2016-02-09 18:34:45 +0530
Processing by AccountsController#show as HTML
  Parameters: {"id"=>"6"}
  [1m[35mAccount Load (0.4ms)[0m  SELECT  "accounts".* FROM "accounts" WHERE "accounts"."id" = $1 LIMIT 1  [["id", 6]]
  Rendered accounts/show.html.erb within layouts/application (3.6ms)
Completed 500 Internal Server Error in 95ms (ActiveRecord: 0.4ms)

ActionView::Template::Error (3):
    3: <p>
    4:   <strong>Name:</strong>
    5:   <%= @account.name %>
    6:   <%= raise @account.images.count.inspect %>
    7:   <% @account.images.each do |a|%>
    8:   	<%= image_tag(a)%>
    9:   <%end%>
  app/views/accounts/show.html.erb:6:in `_app_views_accounts_show_html_erb__944927524__641755368'


  Rendered /home/venkat/.rvm/gems/ruby-2.2.2@MurabahaClub/gems/actionpack-4.2.1/lib/action_dispatch/middleware/templates/rescues/_source.erb (15.9ms)
  Rendered /home/venkat/.rvm/gems/ruby-2.2.2@MurabahaClub/gems/actionpack-4.2.1/lib/action_dispatch/middleware/templates/rescues/_trace.html.erb (4.1ms)
  Rendered /home/venkat/.rvm/gems/ruby-2.2.2@MurabahaClub/gems/actionpack-4.2.1/lib/action_dispatch/middleware/templates/rescues/_request_and_response.html.erb (1.3ms)
  Rendered /home/venkat/.rvm/gems/ruby-2.2.2@MurabahaClub/gems/actionpack-4.2.1/lib/action_dispatch/middleware/templates/rescues/template_error.html.erb within rescues/layout (45.1ms)
  Rendered /home/venkat/.rvm/gems/ruby-2.2.2@MurabahaClub/gems/web-console-2.3.0/lib/web_console/templates/_markup.html.erb (0.7ms)
  Rendered /home/venkat/.rvm/gems/ruby-2.2.2@MurabahaClub/gems/web-console-2.3.0/lib/web_console/templates/_inner_console_markup.html.erb within layouts/inlined_string (0.5ms)
  Rendered /home/venkat/.rvm/gems/ruby-2.2.2@MurabahaClub/gems/web-console-2.3.0/lib/web_console/templates/_prompt_box_markup.html.erb within layouts/inlined_string (0.4ms)
  Rendered /home/venkat/.rvm/gems/ruby-2.2.2@MurabahaClub/gems/web-console-2.3.0/lib/web_console/templates/style.css.erb within layouts/inlined_string (0.7ms)
  Rendered /home/venkat/.rvm/gems/ruby-2.2.2@MurabahaClub/gems/web-console-2.3.0/lib/web_console/templates/console.js.erb within layouts/javascript (28.4ms)
  Rendered /home/venkat/.rvm/gems/ruby-2.2.2@MurabahaClub/gems/web-console-2.3.0/lib/web_console/templates/main.js.erb within layouts/javascript (0.4ms)
  Rendered /home/venkat/.rvm/gems/ruby-2.2.2@MurabahaClub/gems/web-console-2.3.0/lib/web_console/templates/error_page.js.erb within layouts/javascript (0.8ms)
  Rendered /home/venkat/.rvm/gems/ruby-2.2.2@MurabahaClub/gems/web-console-2.3.0/lib/web_console/templates/index.html.erb (58.3ms)


Started POST "/accounts" for 127.0.0.1 at 2016-02-09 18:34:45 +0530
Processing by AccountsController#create as HTML
  Parameters: {"utf8"=>"✓", "authenticity_token"=>"xaHDZJtc3iDprChJ2z6tBLONxlOJfPHDi2KxvH3JtMBslvfv+TW5sPc9R1j5nyI1guw9DAtt5FxSsTCY8ed8JQ==", "account"=>{"name"=>"testing", "images"=>[#<ActionDispatch::Http::UploadedFile:0xb4880af4 @tempfile=#<Tempfile:/tmp/RackMultipart20160209-9093-15fz950.png>, @original_filename="Screenshot from 2015-10-26 15:22:41.png", @content_type="image/png", @headers="Content-Disposition: form-data; name=\"account[images][]\"; filename=\"Screenshot from 2015-10-26 15:22:41.png\"\r\nContent-Type: image/png\r\n">, #<ActionDispatch::Http::UploadedFile:0xb4880a40 @tempfile=#<Tempfile:/tmp/RackMultipart20160209-9093-1iky4yh.jpeg>, @original_filename="people.jpeg", @content_type="image/jpeg", @headers="Content-Disposition: form-data; name=\"account[images][]\"; filename=\"people.jpeg\"\r\nContent-Type: image/jpeg\r\n">, #<ActionDispatch::Http::UploadedFile:0xb48809dc @tempfile=#<Tempfile:/tmp/RackMultipart20160209-9093-2zi5ya.jpg>, @original_filename="Grunge-Sky-grunge-sky-1920x1200vjpg.jpg", @content_type="image/jpeg", @headers="Content-Disposition: form-data; name=\"account[images][]\"; filename=\"Grunge-Sky-grunge-sky-1920x1200vjpg.jpg\"\r\nContent-Type: image/jpeg\r\n">]}, "commit"=>"Create Account"}
  [1m[36m (0.2ms)[0m  [1mBEGIN[0m
  [1m[35mSQL (0.5ms)[0m  INSERT INTO "accounts" ("name", "images", "created_at", "updated_at") VALUES ($1, $2, $3, $4) RETURNING "id"  [["name", "testing"], ["images", "[\"Screenshot_from_2015-10-26_15_22_41.png\",\"people.jpeg\",\"Grunge-Sky-grunge-sky-1920x1200vjpg.jpg\"]"], ["created_at", "2016-02-09 13:04:45.990725"], ["updated_at", "2016-02-09 13:04:45.990725"]]
  [1m[36m (58.3ms)[0m  [1mCOMMIT[0m
Redirected to http://localhost:3000/accounts/7
Completed 302 Found in 78ms (ActiveRecord: 58.9ms)


Started GET "/accounts/7" for 127.0.0.1 at 2016-02-09 18:34:46 +0530
Processing by AccountsController#show as HTML
  Parameters: {"id"=>"7"}
  [1m[35mAccount Load (0.2ms)[0m  SELECT  "accounts".* FROM "accounts" WHERE "accounts"."id" = $1 LIMIT 1  [["id", 7]]
  Rendered accounts/show.html.erb within layouts/application (2.2ms)
Completed 500 Internal Server Error in 6ms (ActiveRecord: 0.2ms)

ActionView::Template::Error (3):
    3: <p>
    4:   <strong>Name:</strong>
    5:   <%= @account.name %>
    6:   <%= raise @account.images.count.inspect %>
    7:   <% @account.images.each do |a|%>
    8:   	<%= image_tag(a)%>
    9:   <%end%>
  app/views/accounts/show.html.erb:6:in `_app_views_accounts_show_html_erb__944927524__641755368'


  Rendered /home/venkat/.rvm/gems/ruby-2.2.2@MurabahaClub/gems/actionpack-4.2.1/lib/action_dispatch/middleware/templates/rescues/_source.erb (9.8ms)
  Rendered /home/venkat/.rvm/gems/ruby-2.2.2@MurabahaClub/gems/actionpack-4.2.1/lib/action_dispatch/middleware/templates/rescues/_trace.html.erb (4.0ms)
  Rendered /home/venkat/.rvm/gems/ruby-2.2.2@MurabahaClub/gems/actionpack-4.2.1/lib/action_dispatch/middleware/templates/rescues/_request_and_response.html.erb (1.5ms)
  Rendered /home/venkat/.rvm/gems/ruby-2.2.2@MurabahaClub/gems/actionpack-4.2.1/lib/action_dispatch/middleware/templates/rescues/template_error.html.erb within rescues/layout (37.0ms)
  Rendered /home/venkat/.rvm/gems/ruby-2.2.2@MurabahaClub/gems/web-console-2.3.0/lib/web_console/templates/_markup.html.erb (0.5ms)
  Rendered /home/venkat/.rvm/gems/ruby-2.2.2@MurabahaClub/gems/web-console-2.3.0/lib/web_console/templates/_inner_console_markup.html.erb within layouts/inlined_string (0.5ms)
  Rendered /home/venkat/.rvm/gems/ruby-2.2.2@MurabahaClub/gems/web-console-2.3.0/lib/web_console/templates/_prompt_box_markup.html.erb within layouts/inlined_string (0.4ms)
  Rendered /home/venkat/.rvm/gems/ruby-2.2.2@MurabahaClub/gems/web-console-2.3.0/lib/web_console/templates/style.css.erb within layouts/inlined_string (0.4ms)
  Rendered /home/venkat/.rvm/gems/ruby-2.2.2@MurabahaClub/gems/web-console-2.3.0/lib/web_console/templates/console.js.erb within layouts/javascript (24.1ms)
  Rendered /home/venkat/.rvm/gems/ruby-2.2.2@MurabahaClub/gems/web-console-2.3.0/lib/web_console/templates/main.js.erb within layouts/javascript (0.4ms)
  Rendered /home/venkat/.rvm/gems/ruby-2.2.2@MurabahaClub/gems/web-console-2.3.0/lib/web_console/templates/error_page.js.erb within layouts/javascript (0.5ms)
  Rendered /home/venkat/.rvm/gems/ruby-2.2.2@MurabahaClub/gems/web-console-2.3.0/lib/web_console/templates/index.html.erb (49.4ms)


Started GET "/accounts/7" for 127.0.0.1 at 2016-02-09 18:36:41 +0530
Processing by AccountsController#show as HTML
  Parameters: {"id"=>"7"}
  [1m[36mAccount Load (0.3ms)[0m  [1mSELECT  "accounts".* FROM "accounts" WHERE "accounts"."id" = $1 LIMIT 1[0m  [["id", 7]]
  Rendered accounts/show.html.erb within layouts/application (2.4ms)
Completed 200 OK in 23ms (Views: 20.7ms | ActiveRecord: 0.3ms)


Started GET "/assets/jquery.self-c64a74367bda6ef8b860f19e74df08927ca99d2be2ac934e9e92d5fd361e0da4.js?body=1" for 127.0.0.1 at 2016-02-09 18:36:41 +0530


Started GET "/assets/jquery_ujs.self-d602bdfe68ffc63b9f9cc512872aa3cfff046228a0a36e90dd476e8ef54c1b09.js?body=1" for 127.0.0.1 at 2016-02-09 18:36:41 +0530


Started GET "/assets/application.self-e80e8f2318043e8af94dddc2adad5a4f09739a8ebb323b3ab31cd71d45fd9113.css?body=1" for 127.0.0.1 at 2016-02-09 18:36:41 +0530


Started GET "/assets/turbolinks.self-c37727e9bd6b2735da5c311aa83fead54ed0be6cc8bd9a65309e9c5abe2cbfff.js?body=1" for 127.0.0.1 at 2016-02-09 18:36:41 +0530


Started GET "/assets/accounts.self-e3b0c44298fc1c149afbf4c8996fb92427ae41e4649b934ca495991b7852b855.css?body=1" for 127.0.0.1 at 2016-02-09 18:36:41 +0530


Started GET "/assets/scaffolds.self-8ab076a2003b13e0104c76142ebf8d18d992d1d782409ce9d3a982804e150b4f.css?body=1" for 127.0.0.1 at 2016-02-09 18:36:41 +0530


Started GET "/assets/application.self-3b8dabdc891efe46b9a144b400ad69e37d7e5876bdc39dee783419a69d7ca819.js?body=1" for 127.0.0.1 at 2016-02-09 18:36:41 +0530


Started GET "/assets/accounts.self-877aef30ae1b040ab8a3aba4e3e309a11d7f2612f44dde450b5c157aa5f95c05.js?body=1" for 127.0.0.1 at 2016-02-09 18:36:41 +0530


Started GET "/accounts" for 127.0.0.1 at 2016-02-09 18:36:57 +0530
Processing by AccountsController#index as HTML
  [1m[35mAccount Load (0.8ms)[0m  SELECT "accounts".* FROM "accounts"
  Rendered accounts/index.html.erb within layouts/application (6.1ms)
Completed 200 OK in 30ms (Views: 28.5ms | ActiveRecord: 0.8ms)
